# Logfile created on 2015-04-17 15:40:08 -0500 by logger.rb/1.2.8
D, [2015-04-17T15:40:08.856087 #22126] DEBUG -- : StandardError: No such file or directory @ rb_sysopen - pids.txt
D, [2015-04-17T15:41:11.078301 #22271] DEBUG -- : Indexing successful: inu:dil-3171fdcb-8aca-4bb4-b307-4670a2573b7d
D, [2015-04-17T15:41:11.975565 #22271] DEBUG -- : Indexing successful: inu:dil-458769ea-0b6b-4a55-9ff0-fb51ebe3c50f
D, [2015-04-17T15:41:12.784919 #22271] DEBUG -- : Indexing successful: inu:dil-2a62c7a1-0308-455e-92a7-3b664c1b2a04
D, [2015-04-17T15:41:13.269693 #22271] DEBUG -- : Indexing successful: inu:dil-5c10d8da-76c4-4f45-aa9a-cb9e9f116393
D, [2015-04-17T15:41:13.889695 #22271] DEBUG -- : Indexing successful: inu:dil-659043fa-f645-4d20-89b6-9af5bd0b0883
D, [2015-04-17T15:41:14.375488 #22271] DEBUG -- : Indexing successful: inu:dil-de2b452f-9db9-43e4-a3b3-3da6d6df7b72
D, [2015-04-17T15:41:14.868262 #22271] DEBUG -- : Indexing successful: inu:dil-44f05244-687f-4c30-ac44-e8d52818cb85
D, [2015-04-17T15:41:15.699099 #22271] DEBUG -- : Indexing successful: inu:dil-da8d46fb-24a3-4bab-a15c-f046f987b541
D, [2015-04-17T15:41:16.486891 #22271] DEBUG -- : Indexing successful: inu:dil-cf3e96f6-9026-4952-8c84-753750c61484
D, [2015-04-17T15:41:17.327808 #22271] DEBUG -- : Indexing successful: inu:dil-e0d6551c-b2f9-4b17-a3c2-1fcafc79b0ee
D, [2015-04-17T15:41:18.089355 #22271] DEBUG -- : Indexing successful: inu:dil-5628e492-dd69-46fc-a77f-abe25586007b
D, [2015-04-17T15:41:18.643276 #22271] DEBUG -- : Indexing successful: inu:dil-8459a3e1-271e-4a3f-9250-719b697e92ee
D, [2015-04-17T15:41:19.388159 #22271] DEBUG -- : Indexing successful: inu:dil-50f466e3-f302-4101-8df1-ae6d01f7a552
D, [2015-04-17T15:41:19.920137 #22271] DEBUG -- : Indexing successful: inu:dil-ddf47dd7-032e-4e67-8542-4c654a7907ba
D, [2015-04-17T15:41:20.473608 #22271] DEBUG -- : Indexing successful: inu:dil-4fe005c7-d084-4a8c-bb7a-b9c10a4575e7
D, [2015-04-17T15:41:21.307499 #22271] DEBUG -- : Indexing successful: inu:dil-771ef004-4b82-4421-87f7-1cc247ac6c5e
D, [2015-04-17T15:41:22.182071 #22271] DEBUG -- : Indexing successful: inu:dil-fb3a4961-849d-4e62-9b28-d55a56187784
D, [2015-04-17T15:41:22.965962 #22271] DEBUG -- : Indexing successful: inu:dil-4eeb46b3-a76d-407b-8f6d-39f2954dc4b9
D, [2015-04-17T15:41:23.719229 #22271] DEBUG -- : Indexing successful: inu:dil-c7984928-3aeb-4735-bba1-e4a0a7f3be3e
D, [2015-04-17T15:41:24.276978 #22271] DEBUG -- : Indexing successful: inu:dil-c9c61a1a-1d1b-46a3-8622-037e1f9363d7
D, [2015-04-17T15:41:24.841317 #22271] DEBUG -- : Indexing successful: inu:dil-d9e4c410-f9b8-476a-b528-cee959bd32ae
D, [2015-04-17T15:41:25.393354 #22271] DEBUG -- : Indexing successful: inu:dil-4af1334a-8ae6-47ad-8ad4-69c54ba10bea
D, [2015-04-17T15:41:25.951297 #22271] DEBUG -- : Indexing successful: inu:dil-db9c9046-3b03-4a29-ab84-0fb5131066b8
D, [2015-04-17T15:41:26.736255 #22271] DEBUG -- : Indexing successful: inu:dil-a6442dbd-37b3-4c57-a35f-f2b50cba61dd
D, [2015-04-17T15:41:27.523329 #22271] DEBUG -- : Indexing successful: inu:dil-51a7243f-b3c7-40ab-ac59-e7087692dee8
D, [2015-04-17T15:41:28.363520 #22271] DEBUG -- : Indexing successful: inu:dil-1281f5c7-3722-40a9-8164-8d7051768f0d
D, [2015-04-17T15:41:29.137101 #22271] DEBUG -- : Indexing successful: inu:dil-aa1b48cf-8cd5-409b-b4a1-feebd42bfee4
D, [2015-04-17T15:41:29.892030 #22271] DEBUG -- : Indexing successful: inu:dil-18da1b5f-db8a-49fa-a1f8-26cebe25cd36
D, [2015-04-17T15:41:30.449897 #22271] DEBUG -- : Indexing successful: inu:dil-0748d2aa-8d9e-408b-a731-9428d7da1920
D, [2015-04-17T15:41:31.011319 #22271] DEBUG -- : Indexing successful: inu:dil-20a0c5e2-ec65-4bc2-bf3b-282f1453b9f0
D, [2015-04-17T15:41:31.574559 #22271] DEBUG -- : Indexing successful: inu:dil-7f96eb76-97f6-4d1b-a313-4cbd7ced53cd
D, [2015-04-17T15:41:32.115798 #22271] DEBUG -- : Indexing successful: inu:dil-94743766-98e2-4e31-b4e4-5baca302ba2d
D, [2015-04-17T15:41:32.859944 #22271] DEBUG -- : Indexing successful: inu:dil-eac0fc3b-8127-4f03-9ff1-d64c88f4f630
D, [2015-04-17T15:41:33.609614 #22271] DEBUG -- : Indexing successful: inu:dil-9c3bdacd-30bb-4966-b1ce-27c450812abf
D, [2015-04-17T15:41:34.184962 #22271] DEBUG -- : Indexing successful: inu:dil-0c25917a-f45f-4d11-8adc-e509c32abada
D, [2015-04-17T15:41:34.770692 #22271] DEBUG -- : Indexing successful: inu:dil-6c7336fc-3e2f-41d2-ad3a-80634e9a2661
D, [2015-04-17T15:41:35.337815 #22271] DEBUG -- : Indexing successful: inu:dil-e6dd4c73-b627-4d42-a6d5-df6010781766
D, [2015-04-17T15:41:35.890335 #22271] DEBUG -- : Indexing successful: inu:dil-3c3233ad-fa5c-4166-a527-89df45f5f0da
D, [2015-04-17T15:41:36.680470 #22271] DEBUG -- : Indexing successful: inu:dil-81394988-f2fb-4ad7-8b57-cb10ea1bf8db
D, [2015-04-17T15:41:37.502907 #22271] DEBUG -- : Indexing successful: inu:dil-f904fa7d-3b4b-4ebe-847a-f6a8dc8253b3
D, [2015-04-17T15:41:38.033128 #22271] DEBUG -- : Indexing successful: inu:dil-003e53ef-6195-436d-91f3-82fe5b0392b6
D, [2015-04-17T15:41:38.591539 #22271] DEBUG -- : Indexing successful: inu:dil-5a15fe8c-1ad8-46c1-8dd9-1fe8ae3601de
D, [2015-04-17T15:41:39.161958 #22271] DEBUG -- : Indexing successful: inu:dil-3252c979-7617-4f5c-aab1-812d6027cb1a
D, [2015-04-17T15:41:39.721437 #22271] DEBUG -- : Indexing successful: inu:dil-5c539dcd-aa70-43ba-b8a6-8ae25a168cc7
D, [2015-04-17T15:41:40.613359 #22271] DEBUG -- : Indexing successful: inu:dil-e8a6d7ad-890e-4d02-8e06-d3789818667c
D, [2015-04-17T15:41:41.456211 #22271] DEBUG -- : Indexing successful: inu:dil-aad4e503-0eb4-4a04-9876-ef1f12e4cb15
D, [2015-04-17T15:41:42.292059 #22271] DEBUG -- : Indexing successful: inu:dil-c5d231cc-4d6f-4e88-a315-5863a3d2f454
D, [2015-04-17T15:41:43.284018 #22271] DEBUG -- : Indexing successful: inu:dil-1bdfe199-4dc5-4ae7-8610-020e7f410574
D, [2015-04-17T15:41:44.099555 #22271] DEBUG -- : Indexing successful: inu:dil-66590336-d551-4af8-a963-0267a7931387
D, [2015-04-17T15:41:44.645677 #22271] DEBUG -- : Indexing successful: inu:dil-f3c9dd59-36d5-4a8e-bcfb-8a5d283bf696
D, [2015-04-17T15:41:45.394726 #22271] DEBUG -- : Indexing successful: inu:dil-75c7c136-8a47-4867-a095-c3c04b420a98
D, [2015-04-17T15:41:45.973449 #22271] DEBUG -- : Indexing successful: inu:dil-4c129582-2901-4898-9fec-89266c43fafc
D, [2015-04-17T15:41:46.529027 #22271] DEBUG -- : Indexing successful: inu:dil-d57be389-a8ff-469f-98f7-402bb667c8dd
D, [2015-04-17T15:41:47.349192 #22271] DEBUG -- : Indexing successful: inu:dil-e174bd2a-075f-49eb-b700-a57c7d6e7e36
D, [2015-04-17T15:41:48.200677 #22271] DEBUG -- : Indexing successful: inu:dil-0016695d-feed-4d0c-89d1-7e7473639ca0
D, [2015-04-17T15:41:49.402264 #22271] DEBUG -- : Indexing successful: inu:dil-8255b48a-89aa-4fb2-a4b9-e55f76d7ed70
D, [2015-04-17T15:41:50.395830 #22271] DEBUG -- : Indexing successful: inu:dil-4f1fd5e9-8dfa-429f-984e-9898b9a7a474
D, [2015-04-17T15:41:51.205972 #22271] DEBUG -- : Indexing successful: inu:dil-ce850680-9f51-4b5b-9a75-3ff587010523
D, [2015-04-17T15:41:51.986114 #22271] DEBUG -- : Indexing successful: inu:dil-39471f3e-6e09-43f4-878f-10cb4feb9662
D, [2015-04-17T15:41:52.797035 #22271] DEBUG -- : Indexing successful: inu:dil-ec50291d-3bea-477d-9c37-a2131718b22f
D, [2015-04-17T15:41:53.344704 #22271] DEBUG -- : Indexing successful: inu:dil-027cd93d-1f0f-400c-93eb-bca934d7de16
D, [2015-04-17T15:41:53.888721 #22271] DEBUG -- : Indexing successful: inu:dil-0c9342e4-de41-42c9-895c-19edc4d0d84b
D, [2015-04-17T15:41:54.580469 #22271] DEBUG -- : Indexing successful: inu:dil-35b90e6f-0002-4a15-9e5c-7317412f92ca
D, [2015-04-17T15:41:55.137270 #22271] DEBUG -- : Indexing successful: inu:dil-2e2cf784-ff44-4765-ac9a-3ba6aeed59e2
D, [2015-04-17T15:41:55.959835 #22271] DEBUG -- : Indexing successful: inu:dil-523a06f7-0bfb-4174-8f10-878abf0db3ec
D, [2015-04-17T15:41:56.711639 #22271] DEBUG -- : Indexing successful: inu:dil-97a99746-d341-4d15-b186-ec3125ef8445
D, [2015-04-17T15:41:57.574165 #22271] DEBUG -- : Indexing successful: inu:dil-3cf9fdd3-250b-418c-ae31-6328d6d8737a
D, [2015-04-17T15:41:58.143535 #22271] DEBUG -- : Indexing successful: inu:dil-6c2655b7-17a0-4c3e-bd0f-1c16f7d815cf
D, [2015-04-17T15:41:58.746751 #22271] DEBUG -- : Indexing successful: inu:dil-e20f4a29-766b-459e-8cd7-65f813176837
D, [2015-04-17T15:41:59.331099 #22271] DEBUG -- : Indexing successful: inu:dil-ccbffc78-baf0-47d6-a6c5-7b5e707ab88e
D, [2015-04-17T15:41:59.906690 #22271] DEBUG -- : Indexing successful: inu:dil-20dcce81-5051-4b45-a000-b7bcd49a33b2
D, [2015-04-17T15:42:00.687769 #22271] DEBUG -- : Indexing successful: inu:dil-6eba12a6-18b2-4fff-8028-19208d03bccd
D, [2015-04-17T15:42:01.508723 #22271] DEBUG -- : Indexing successful: inu:dil-2e7c06a9-7a84-410a-a39b-24cf9a20ac4a
D, [2015-04-17T15:42:02.380633 #22271] DEBUG -- : Indexing successful: inu:dil-73402040-5b3b-4b9b-9a45-fcedd52a95e8
D, [2015-04-17T15:42:02.961151 #22271] DEBUG -- : Indexing successful: inu:dil-60f83972-a1fd-4e27-b772-0af4ce83ad7b
D, [2015-04-17T15:42:03.592525 #22271] DEBUG -- : Indexing successful: inu:dil-7b5659d6-567d-4864-bb8b-30a06584f0eb
D, [2015-04-17T15:42:04.293373 #22271] DEBUG -- : Indexing successful: inu:dil-75219adf-1eb4-41cf-aefa-3e9b49da6b10
D, [2015-04-17T15:42:04.832250 #22271] DEBUG -- : Indexing successful: inu:dil-15056448-9255-4da4-8867-22d9d432cba8
D, [2015-04-17T15:42:05.618396 #22271] DEBUG -- : Indexing successful: inu:dil-d9a51324-4443-4c46-9403-45e70ecf8c61
D, [2015-04-17T15:42:06.159428 #22271] DEBUG -- : Indexing successful: inu:dil-47f7db60-e01e-43ce-8293-8ea612e8aff3
D, [2015-04-17T15:42:06.722777 #22271] DEBUG -- : Indexing successful: inu:dil-2602d092-cdd9-49da-b7d2-55f439a5233f
D, [2015-04-17T15:42:07.291431 #22271] DEBUG -- : Indexing successful: inu:dil-814d7dd0-551c-41f0-a0a2-fadbb3528379
D, [2015-04-17T15:42:07.866115 #22271] DEBUG -- : Indexing successful: inu:dil-9f55fa26-475b-4e9d-b8ad-c953fbdbef22
D, [2015-04-17T15:42:08.727540 #22271] DEBUG -- : Indexing successful: inu:dil-06737c29-7ab2-424f-aa5a-08548156af33
D, [2015-04-17T15:42:09.595486 #22271] DEBUG -- : Indexing successful: inu:dil-805fd9b4-8904-43c2-b51b-8e62e1e7b081
D, [2015-04-17T15:42:10.419208 #22271] DEBUG -- : Indexing successful: inu:dil-97753d10-0fd8-4407-981d-e5268dff7080
D, [2015-04-17T15:42:11.272335 #22271] DEBUG -- : Indexing successful: inu:dil-3ab09c7c-f9cb-4784-8ed4-c969c95d0728
D, [2015-04-17T15:42:12.061759 #22271] DEBUG -- : Indexing successful: inu:dil-885707b3-61b7-466b-b56e-3e3bed387f44
D, [2015-04-17T15:42:12.617705 #22271] DEBUG -- : Indexing successful: inu:dil-3a94482c-340e-4f4a-a7be-b86724fa41b8
D, [2015-04-17T15:42:13.174498 #22271] DEBUG -- : Indexing successful: inu:dil-0e9db966-ae39-4636-86ef-098368dc55ac
D, [2015-04-17T15:42:13.754164 #22271] DEBUG -- : Indexing successful: inu:dil-ecf7669f-7dd6-4ed9-8862-d5350961f86e
D, [2015-04-17T15:42:14.325539 #22271] DEBUG -- : Indexing successful: inu:dil-d5aa99fa-e027-486b-a9da-7f1ebd469f32
D, [2015-04-17T15:42:15.157641 #22271] DEBUG -- : Indexing successful: inu:dil-24d7f206-d2b3-49ae-905b-4a285c30e79f
D, [2015-04-17T15:42:16.085257 #22271] DEBUG -- : Indexing successful: inu:dil-babe66d3-fc51-4238-8c3d-88660f5c3d41
D, [2015-04-17T15:42:16.942053 #22271] DEBUG -- : Indexing successful: inu:dil-5fb5fdf9-5dd1-441b-ad17-ac67abe95761
D, [2015-04-17T15:42:17.749727 #22271] DEBUG -- : Indexing successful: inu:dil-b810aa48-68ca-4148-8ab7-8682d2a374e2
D, [2015-04-17T15:42:18.536383 #22271] DEBUG -- : Indexing successful: inu:dil-efbcb18e-082b-4783-8c71-42bdcfb0581b
D, [2015-04-17T15:42:19.116035 #22271] DEBUG -- : Indexing successful: inu:dil-c7d82880-43f5-4b0a-b328-673dd5206ea1
D, [2015-04-17T15:42:19.680166 #22271] DEBUG -- : Indexing successful: inu:dil-d3df3de7-095d-45f3-ad6b-35955429d39e
D, [2015-04-17T15:42:20.254042 #22271] DEBUG -- : Indexing successful: inu:dil-local-7d24a761-821a-4d42-8ce5-87cd910b6d3c
D, [2015-04-17T15:42:21.054300 #22271] DEBUG -- : Indexing successful: inu:dil-4587e4d0-59c2-4cd6-b845-1578c6b905ac
D, [2015-04-17T15:42:21.639088 #22271] DEBUG -- : Indexing successful: inu:dil-f32178e4-220b-4916-8419-5533525d382c
D, [2015-04-17T15:42:22.415895 #22271] DEBUG -- : Indexing successful: inu:dil-9ad5282e-a07d-4051-86b0-88c4d4fbc3b1
D, [2015-04-17T15:42:22.945558 #22271] DEBUG -- : Indexing successful: inu:dil-a4ec055e-d98e-4e5a-a608-50838a3f1c5b
D, [2015-04-17T15:42:23.721228 #22271] DEBUG -- : Indexing successful: inu:dil-09b09f4b-c18d-4c60-bf25-1d3dab76c218
D, [2015-04-17T15:42:24.473774 #22271] DEBUG -- : Indexing successful: inu:dil-e2f0db5a-1ef4-4e99-a1b3-0c8e88655cb4
D, [2015-04-17T15:42:25.241784 #22271] DEBUG -- : Indexing successful: inu:dil-6834826b-a2d7-401c-a35f-6b25c352f605
D, [2015-04-17T15:42:26.046136 #22271] DEBUG -- : Indexing successful: inu:dil-8e9d22f9-7b43-4c30-be8f-f3f57b49b7a2
D, [2015-04-17T15:42:26.600167 #22271] DEBUG -- : Indexing successful: inu:dil-e1a77238-f480-4ab1-9bca-0568668d8e8d
D, [2015-04-17T15:42:27.176495 #22271] DEBUG -- : Indexing successful: inu:dil-6836ee4f-517c-4f4f-a92c-84777b77b493
D, [2015-04-17T15:42:27.731983 #22271] DEBUG -- : Indexing successful: inu:dil-011c0bbf-12e4-4e1c-98f2-e69565ca8513
D, [2015-04-17T15:42:28.271578 #22271] DEBUG -- : Indexing successful: inu:dil-398d3632-188f-46dc-9379-4a5ed9e61987
D, [2015-04-17T15:42:29.047658 #22271] DEBUG -- : Indexing successful: inu:dil-9ebd807d-eff0-4cbf-b229-584f2ff402e8
D, [2015-04-17T15:42:29.821552 #22271] DEBUG -- : Indexing successful: inu:dil-680c6a27-e44f-4d27-9e43-8af6a648e872
D, [2015-04-17T15:42:30.624249 #22271] DEBUG -- : Indexing successful: inu:dil-feafdf87-8a53-447e-952a-f64f0ec243fc
D, [2015-04-17T15:42:31.440297 #22271] DEBUG -- : Indexing successful: inu:dil-2e4de01f-7ff0-4f14-8a34-7930d07bfba8
D, [2015-04-17T15:42:32.085371 #22271] DEBUG -- : Indexing successful: inu:dil-f43ff22f-5d9d-47a0-88c7-8ad13d5a99df
D, [2015-04-17T15:42:32.713751 #22271] DEBUG -- : Indexing successful: inu:dil-d8d3e58e-4523-4d4e-b75a-c288391fdfd0
D, [2015-04-17T15:42:33.316542 #22271] DEBUG -- : Indexing successful: inu:dil-6d00c137-df3e-47fc-9fc1-e65a725845d5
D, [2015-04-17T15:42:33.872202 #22271] DEBUG -- : Indexing successful: inu:dil-9c8b8c67-d877-4f3d-a53e-287ae9d05d80
D, [2015-04-17T15:42:34.447515 #22271] DEBUG -- : Indexing successful: inu:dil-142f8a4d-0c42-4da5-b17d-662db3283d74
D, [2015-04-17T15:42:35.039831 #22271] DEBUG -- : Indexing successful: inu:dil-4707acd5-c55f-4961-b288-9a8828b0c3dd
D, [2015-04-17T15:42:35.642752 #22271] DEBUG -- : Indexing successful: inu:dil-3f33bab3-b2b8-40e0-887d-fb665b863b39
D, [2015-04-17T15:42:35.870041 #22271] DEBUG -- : StandardError: Unable to find 'inu:dil-af41bb1e-3912-435a-b226-df1d0d6ba47c' in fedora. See logger for details.
D, [2015-04-17T15:42:36.589186 #22271] DEBUG -- : Indexing successful: inu:dil-c299f185-5acd-46e2-990c-eb5d8b153b43
D, [2015-04-17T15:42:37.125785 #22271] DEBUG -- : Indexing successful: inu:dil-cf970515-fd19-4ae7-9a56-9826e4af9983
D, [2015-04-17T15:42:37.669236 #22271] DEBUG -- : Indexing successful: inu:dil-662f3959-0db2-48c1-a668-8efea36d67a1
D, [2015-04-17T15:42:38.067670 #22271] DEBUG -- : Indexing successful: inu:dil-2bf7d015-76b1-4a7e-a198-4f0923cd4b92
D, [2015-04-17T15:42:38.477538 #22271] DEBUG -- : Indexing successful: inu:dil-00-23655b1f-7029-4fb4-aa10-8ababe0ca63b
D, [2015-04-17T15:42:39.400101 #22271] DEBUG -- : Indexing successful: inu:dil-47ab8b6d-b0ef-494f-91ac-5906560fa90b
D, [2015-04-17T15:42:40.384617 #22271] DEBUG -- : Indexing successful: inu:dil-7ab2b6b9-1583-45e5-9e87-2c50d4360ff5
D, [2015-04-17T15:42:41.011027 #22271] DEBUG -- : Indexing successful: inu:dil-831b4280-abec-4000-851c-42a2703bdd12
D, [2015-04-17T15:42:41.582211 #22271] DEBUG -- : Indexing successful: inu:dil-6754b7ba-4038-4f0f-8103-7ed123c1357c
D, [2015-04-17T15:42:42.172229 #22271] DEBUG -- : Indexing successful: inu:dil-6748d6d7-819f-4b9f-acd1-e9b03beee7bc
D, [2015-04-17T15:42:42.715564 #22271] DEBUG -- : Indexing successful: inu:dil-6b207912-e22f-4331-aad8-4514d4e1b30c
D, [2015-04-17T15:42:43.339906 #22271] DEBUG -- : Indexing successful: inu:dil-51fdc4ca-eaad-429e-9b45-5ce58121a400
D, [2015-04-17T15:42:43.897284 #22271] DEBUG -- : Indexing successful: inu:dil-71e20308-aa04-4c35-8149-5b8d6c27326e
D, [2015-04-17T15:42:44.438474 #22271] DEBUG -- : Indexing successful: inu:dil-5d5f63d1-2f2e-490d-abf6-591e383ca204
D, [2015-04-17T15:42:45.389260 #22271] DEBUG -- : Indexing successful: inu:dil-af3c7e97-8fee-4a3d-8584-913fd3089c92
D, [2015-04-17T15:42:46.318212 #22271] DEBUG -- : Indexing successful: inu:dil-947cf7ac-0492-47be-b0ce-7dce22d49f54
D, [2015-04-17T15:42:47.318450 #22271] DEBUG -- : Indexing successful: inu:dil-ae1536f3-0f95-4267-aeae-d32238d4312f
D, [2015-04-17T15:42:47.904877 #22271] DEBUG -- : Indexing successful: inu:dil-88bf652c-f68c-48cd-a6b8-ff79d5ee8114
D, [2015-04-17T15:42:48.502747 #22271] DEBUG -- : Indexing successful: inu:dil-836d2e9d-eedc-44da-a397-fb3471f38b4a
D, [2015-04-17T15:42:49.062986 #22271] DEBUG -- : Indexing successful: inu:dil-8dbcadc3-3ba6-4a63-831e-8ee313a4939f
D, [2015-04-17T15:42:49.610749 #22271] DEBUG -- : Indexing successful: inu:dil-8cb62ade-50e8-465c-ba38-2eb5e9991d9e
D, [2015-04-17T15:42:50.175222 #22271] DEBUG -- : Indexing successful: inu:dil-9d1e86cd-356a-4e4f-9976-f5141dd1bf09
D, [2015-04-17T15:42:50.597493 #22271] DEBUG -- : Indexing successful: inu:dil-932ada6f-5cce-45c8-a6b9-139e1e1f281b
D, [2015-04-17T15:42:51.488342 #22271] DEBUG -- : Indexing successful: inu:dil-cffada80-57f3-4d98-a0ee-e73048943f90
D, [2015-04-17T15:42:52.434878 #22271] DEBUG -- : Indexing successful: inu:dil-d3d3680d-622d-487e-be2f-0a6fa8dccb09
D, [2015-04-17T15:42:53.363962 #22271] DEBUG -- : Indexing successful: inu:dil-c5275483-699b-46de-b7ac-d4e54112cb60
D, [2015-04-17T15:42:54.358054 #22271] DEBUG -- : Indexing successful: inu:dil-c1d57bb2-d938-40c9-9500-603f3d03264b
D, [2015-04-17T15:42:55.341628 #22271] DEBUG -- : Indexing successful: inu:dil-bf9b747d-a933-4cf5-b952-357456dd5790
D, [2015-04-17T15:42:56.251157 #22271] DEBUG -- : Indexing successful: inu:dil-c417c5aa-af70-4cf7-8b40-efbd08a5f70f
D, [2015-04-17T15:42:56.933865 #22271] DEBUG -- : Indexing successful: inu:dil-bf481820-c49f-43e5-aedb-b36cf07df1b6
D, [2015-04-17T15:42:57.888849 #22271] DEBUG -- : Indexing successful: inu:dil-b5014da9-a0bd-4339-87fd-5672581204f1
D, [2015-04-17T15:42:58.448386 #22271] DEBUG -- : Indexing successful: inu:dil-e3706396-9c2a-47ac-9e99-e1bfb7ce1cf9
D, [2015-04-17T15:42:59.370433 #22271] DEBUG -- : Indexing successful: inu:dil-f36a77f8-e2af-4139-b5e6-e0e9cf09ab63
D, [2015-04-17T15:43:00.312543 #22271] DEBUG -- : Indexing successful: inu:dil-fbb74b25-0bde-48e2-92c9-cea01c55c4f5
D, [2015-04-17T15:43:01.254296 #22271] DEBUG -- : Indexing successful: inu:dil-fc8c3d36-22e7-4072-a8d4-6d2665147d24
D, [2015-04-17T15:43:01.986820 #22271] DEBUG -- : Indexing successful: inu:dil-ff840678-f287-40a6-86a4-ffaa0738e172
D, [2015-04-17T15:43:03.083041 #22271] DEBUG -- : Indexing successful: inu:dil-zz614ec515-86cd-49cf-98e7-e91c43d48c56
D, [2015-04-17T15:43:04.008509 #22271] DEBUG -- : Indexing successful: inu:dil-zz6c49cc99-0aba-4c13-9126-fdb1889d9883
D, [2015-04-17T15:43:04.973290 #22271] DEBUG -- : Indexing successful: inu:dil-zza1b27840-c9ca-41a5-a39d-531621421d6d
D, [2015-04-17T15:48:04.675238 #22577] DEBUG -- : StandardError: Unable to find 'inu:dil-af41bb1e-3912-435a-b226-df1d0d6ba47c' in fedora. See logger for details.
D, [2015-04-17T15:48:05.350844 #22577] DEBUG -- : Indexing successful: inu:dil-3171fdcb-8aca-4bb4-b307-4670a2573b7d
D, [2015-04-17T15:48:06.281317 #22577] DEBUG -- : Indexing successful: inu:dil-458769ea-0b6b-4a55-9ff0-fb51ebe3c50f
D, [2015-04-17T15:48:07.029536 #22577] DEBUG -- : Indexing successful: inu:dil-2a62c7a1-0308-455e-92a7-3b664c1b2a04
D, [2015-04-17T15:48:07.896224 #22577] DEBUG -- : Indexing successful: inu:dil-5628e492-dd69-46fc-a77f-abe25586007b
D, [2015-04-17T15:48:08.382199 #22577] DEBUG -- : Indexing successful: inu:dil-5c10d8da-76c4-4f45-aa9a-cb9e9f116393
D, [2015-04-17T15:48:08.944325 #22577] DEBUG -- : Indexing successful: inu:dil-659043fa-f645-4d20-89b6-9af5bd0b0883
D, [2015-04-17T15:48:09.482526 #22577] DEBUG -- : Indexing successful: inu:dil-de2b452f-9db9-43e4-a3b3-3da6d6df7b72
D, [2015-04-17T15:48:10.015030 #22577] DEBUG -- : Indexing successful: inu:dil-44f05244-687f-4c30-ac44-e8d52818cb85
D, [2015-04-17T15:48:10.832214 #22577] DEBUG -- : Indexing successful: inu:dil-da8d46fb-24a3-4bab-a15c-f046f987b541
D, [2015-04-17T15:48:11.627998 #22577] DEBUG -- : Indexing successful: inu:dil-cf3e96f6-9026-4952-8c84-753750c61484
D, [2015-04-17T15:48:12.478717 #22577] DEBUG -- : Indexing successful: inu:dil-e0d6551c-b2f9-4b17-a3c2-1fcafc79b0ee
D, [2015-04-17T15:48:13.262031 #22577] DEBUG -- : Indexing successful: inu:dil-fb3a4961-849d-4e62-9b28-d55a56187784
D, [2015-04-17T15:48:14.070591 #22577] DEBUG -- : Indexing successful: inu:dil-4eeb46b3-a76d-407b-8f6d-39f2954dc4b9
D, [2015-04-17T15:48:14.840870 #22577] DEBUG -- : Indexing successful: inu:dil-50f466e3-f302-4101-8df1-ae6d01f7a552
D, [2015-04-17T15:48:15.602146 #22577] DEBUG -- : Indexing successful: inu:dil-c7984928-3aeb-4735-bba1-e4a0a7f3be3e
D, [2015-04-17T15:48:16.128134 #22577] DEBUG -- : Indexing successful: inu:dil-c9c61a1a-1d1b-46a3-8622-037e1f9363d7
D, [2015-04-17T15:48:16.690703 #22577] DEBUG -- : Indexing successful: inu:dil-ddf47dd7-032e-4e67-8542-4c654a7907ba
D, [2015-04-17T15:48:17.250680 #22577] DEBUG -- : Indexing successful: inu:dil-4fe005c7-d084-4a8c-bb7a-b9c10a4575e7
D, [2015-04-17T15:48:18.105695 #22577] DEBUG -- : Indexing successful: inu:dil-771ef004-4b82-4421-87f7-1cc247ac6c5e
D, [2015-04-17T15:48:18.640915 #22577] DEBUG -- : Indexing successful: inu:dil-8459a3e1-271e-4a3f-9250-719b697e92ee
D, [2015-04-17T15:48:19.389226 #22577] DEBUG -- : Indexing successful: inu:dil-51a7243f-b3c7-40ab-ac59-e7087692dee8
D, [2015-04-17T15:48:20.127956 #22577] DEBUG -- : Indexing successful: inu:dil-1281f5c7-3722-40a9-8164-8d7051768f0d
D, [2015-04-17T15:48:20.878971 #22577] DEBUG -- : Indexing successful: inu:dil-aa1b48cf-8cd5-409b-b4a1-feebd42bfee4
D, [2015-04-17T15:48:21.654343 #22577] DEBUG -- : Indexing successful: inu:dil-18da1b5f-db8a-49fa-a1f8-26cebe25cd36
D, [2015-04-17T15:48:22.239798 #22577] DEBUG -- : Indexing successful: inu:dil-d9e4c410-f9b8-476a-b528-cee959bd32ae
D, [2015-04-17T15:48:22.816549 #22577] DEBUG -- : Indexing successful: inu:dil-db9c9046-3b03-4a29-ab84-0fb5131066b8
D, [2015-04-17T15:48:23.707071 #22577] DEBUG -- : Indexing successful: inu:dil-a6442dbd-37b3-4c57-a35f-f2b50cba61dd
D, [2015-04-17T15:48:24.241655 #22577] DEBUG -- : Indexing successful: inu:dil-4af1334a-8ae6-47ad-8ad4-69c54ba10bea
D, [2015-04-17T15:48:24.833110 #22577] DEBUG -- : Indexing successful: inu:dil-0748d2aa-8d9e-408b-a731-9428d7da1920
D, [2015-04-17T15:48:25.595204 #22577] DEBUG -- : Indexing successful: inu:dil-eac0fc3b-8127-4f03-9ff1-d64c88f4f630
D, [2015-04-17T15:48:26.345371 #22577] DEBUG -- : Indexing successful: inu:dil-9c3bdacd-30bb-4966-b1ce-27c450812abf
D, [2015-04-17T15:48:26.939099 #22577] DEBUG -- : Indexing successful: inu:dil-20a0c5e2-ec65-4bc2-bf3b-282f1453b9f0
D, [2015-04-17T15:48:27.500318 #22577] DEBUG -- : Indexing successful: inu:dil-7f96eb76-97f6-4d1b-a313-4cbd7ced53cd
D, [2015-04-17T15:48:28.126187 #22577] DEBUG -- : Indexing successful: inu:dil-94743766-98e2-4e31-b4e4-5baca302ba2d
D, [2015-04-17T15:48:28.748739 #22577] DEBUG -- : Indexing successful: inu:dil-0c25917a-f45f-4d11-8adc-e509c32abada
D, [2015-04-17T15:48:29.294510 #22577] DEBUG -- : Indexing successful: inu:dil-6c7336fc-3e2f-41d2-ad3a-80634e9a2661
D, [2015-04-17T15:48:29.903060 #22577] DEBUG -- : Indexing successful: inu:dil-e6dd4c73-b627-4d42-a6d5-df6010781766
D, [2015-04-17T15:48:30.436738 #22577] DEBUG -- : Indexing successful: inu:dil-3c3233ad-fa5c-4166-a527-89df45f5f0da
D, [2015-04-17T15:48:31.011594 #22577] DEBUG -- : Indexing successful: inu:dil-003e53ef-6195-436d-91f3-82fe5b0392b6
D, [2015-04-17T15:48:31.562203 #22577] DEBUG -- : Indexing successful: inu:dil-5a15fe8c-1ad8-46c1-8dd9-1fe8ae3601de
D, [2015-04-17T15:48:32.130591 #22577] DEBUG -- : Indexing successful: inu:dil-3252c979-7617-4f5c-aab1-812d6027cb1a
D, [2015-04-17T15:48:32.681391 #22577] DEBUG -- : Indexing successful: inu:dil-5c539dcd-aa70-43ba-b8a6-8ae25a168cc7
D, [2015-04-17T15:48:33.525852 #22577] DEBUG -- : Indexing successful: inu:dil-81394988-f2fb-4ad7-8b57-cb10ea1bf8db
D, [2015-04-17T15:48:34.341701 #22577] DEBUG -- : Indexing successful: inu:dil-f904fa7d-3b4b-4ebe-847a-f6a8dc8253b3
D, [2015-04-17T15:48:35.199411 #22577] DEBUG -- : Indexing successful: inu:dil-e8a6d7ad-890e-4d02-8e06-d3789818667c
D, [2015-04-17T15:48:36.061732 #22577] DEBUG -- : Indexing successful: inu:dil-aad4e503-0eb4-4a04-9876-ef1f12e4cb15
D, [2015-04-17T15:48:37.267684 #22577] DEBUG -- : Indexing successful: inu:dil-c5d231cc-4d6f-4e88-a315-5863a3d2f454
D, [2015-04-17T15:48:38.158483 #22577] DEBUG -- : Indexing successful: inu:dil-66590336-d551-4af8-a963-0267a7931387
D, [2015-04-17T15:48:38.719795 #22577] DEBUG -- : Indexing successful: inu:dil-f3c9dd59-36d5-4a8e-bcfb-8a5d283bf696
D, [2015-04-17T15:48:39.267026 #22577] DEBUG -- : Indexing successful: inu:dil-75c7c136-8a47-4867-a095-c3c04b420a98
D, [2015-04-17T15:48:39.840991 #22577] DEBUG -- : Indexing successful: inu:dil-4c129582-2901-4898-9fec-89266c43fafc
D, [2015-04-17T15:48:40.381584 #22577] DEBUG -- : Indexing successful: inu:dil-d57be389-a8ff-469f-98f7-402bb667c8dd
D, [2015-04-17T15:48:41.194196 #22577] DEBUG -- : Indexing successful: inu:dil-1bdfe199-4dc5-4ae7-8610-020e7f410574
D, [2015-04-17T15:48:41.992680 #22577] DEBUG -- : Indexing successful: inu:dil-e174bd2a-075f-49eb-b700-a57c7d6e7e36
D, [2015-04-17T15:48:42.814044 #22577] DEBUG -- : Indexing successful: inu:dil-0016695d-feed-4d0c-89d1-7e7473639ca0
D, [2015-04-17T15:48:43.762533 #22577] DEBUG -- : Indexing successful: inu:dil-8255b48a-89aa-4fb2-a4b9-e55f76d7ed70
D, [2015-04-17T15:48:44.519400 #22577] DEBUG -- : Indexing successful: inu:dil-4f1fd5e9-8dfa-429f-984e-9898b9a7a474
D, [2015-04-17T15:48:45.402872 #22577] DEBUG -- : Indexing successful: inu:dil-ce850680-9f51-4b5b-9a75-3ff587010523
D, [2015-04-17T15:48:46.146682 #22577] DEBUG -- : Indexing successful: inu:dil-523a06f7-0bfb-4174-8f10-878abf0db3ec
D, [2015-04-17T15:48:46.900791 #22577] DEBUG -- : Indexing successful: inu:dil-39471f3e-6e09-43f4-878f-10cb4feb9662
D, [2015-04-17T15:48:47.650960 #22577] DEBUG -- : Indexing successful: inu:dil-ec50291d-3bea-477d-9c37-a2131718b22f
D, [2015-04-17T15:48:48.245984 #22577] DEBUG -- : Indexing successful: inu:dil-027cd93d-1f0f-400c-93eb-bca934d7de16
D, [2015-04-17T15:48:48.818566 #22577] DEBUG -- : Indexing successful: inu:dil-0c9342e4-de41-42c9-895c-19edc4d0d84b
D, [2015-04-17T15:48:49.456445 #22577] DEBUG -- : Indexing successful: inu:dil-35b90e6f-0002-4a15-9e5c-7317412f92ca
D, [2015-04-17T15:48:50.068529 #22577] DEBUG -- : Indexing successful: inu:dil-2e2cf784-ff44-4765-ac9a-3ba6aeed59e2
D, [2015-04-17T15:48:50.804366 #22577] DEBUG -- : Indexing successful: inu:dil-97a99746-d341-4d15-b186-ec3125ef8445
D, [2015-04-17T15:48:51.538181 #22577] DEBUG -- : Indexing successful: inu:dil-3cf9fdd3-250b-418c-ae31-6328d6d8737a
D, [2015-04-17T15:48:52.277240 #22577] DEBUG -- : Indexing successful: inu:dil-6eba12a6-18b2-4fff-8028-19208d03bccd
D, [2015-04-17T15:48:53.012059 #22577] DEBUG -- : Indexing successful: inu:dil-2e7c06a9-7a84-410a-a39b-24cf9a20ac4a
D, [2015-04-17T15:48:53.758498 #22577] DEBUG -- : Indexing successful: inu:dil-73402040-5b3b-4b9b-9a45-fcedd52a95e8
D, [2015-04-17T15:48:54.300185 #22577] DEBUG -- : Indexing successful: inu:dil-6c2655b7-17a0-4c3e-bd0f-1c16f7d815cf
D, [2015-04-17T15:48:54.870482 #22577] DEBUG -- : Indexing successful: inu:dil-e20f4a29-766b-459e-8cd7-65f813176837
D, [2015-04-17T15:48:55.474106 #22577] DEBUG -- : Indexing successful: inu:dil-ccbffc78-baf0-47d6-a6c5-7b5e707ab88e
D, [2015-04-17T15:48:56.018572 #22577] DEBUG -- : Indexing successful: inu:dil-20dcce81-5051-4b45-a000-b7bcd49a33b2
D, [2015-04-17T15:48:56.579391 #22577] DEBUG -- : Indexing successful: inu:dil-60f83972-a1fd-4e27-b772-0af4ce83ad7b
D, [2015-04-17T15:48:57.121825 #22577] DEBUG -- : Indexing successful: inu:dil-7b5659d6-567d-4864-bb8b-30a06584f0eb
D, [2015-04-17T15:48:57.650938 #22577] DEBUG -- : Indexing successful: inu:dil-75219adf-1eb4-41cf-aefa-3e9b49da6b10
D, [2015-04-17T15:48:58.225671 #22577] DEBUG -- : Indexing successful: inu:dil-47f7db60-e01e-43ce-8293-8ea612e8aff3
D, [2015-04-17T15:48:58.806244 #22577] DEBUG -- : Indexing successful: inu:dil-2602d092-cdd9-49da-b7d2-55f439a5233f
D, [2015-04-17T15:48:59.346611 #22577] DEBUG -- : Indexing successful: inu:dil-814d7dd0-551c-41f0-a0a2-fadbb3528379
D, [2015-04-17T15:48:59.892551 #22577] DEBUG -- : Indexing successful: inu:dil-9f55fa26-475b-4e9d-b8ad-c953fbdbef22
D, [2015-04-17T15:49:00.714401 #22577] DEBUG -- : Indexing successful: inu:dil-d9a51324-4443-4c46-9403-45e70ecf8c61
D, [2015-04-17T15:49:01.295497 #22577] DEBUG -- : Indexing successful: inu:dil-15056448-9255-4da4-8867-22d9d432cba8
D, [2015-04-17T15:49:02.088612 #22577] DEBUG -- : Indexing successful: inu:dil-885707b3-61b7-466b-b56e-3e3bed387f44
D, [2015-04-17T15:49:02.630200 #22577] DEBUG -- : Indexing successful: inu:dil-3a94482c-340e-4f4a-a7be-b86724fa41b8
D, [2015-04-17T15:49:03.170613 #22577] DEBUG -- : Indexing successful: inu:dil-0e9db966-ae39-4636-86ef-098368dc55ac
D, [2015-04-17T15:49:03.755053 #22577] DEBUG -- : Indexing successful: inu:dil-ecf7669f-7dd6-4ed9-8862-d5350961f86e
D, [2015-04-17T15:49:04.286330 #22577] DEBUG -- : Indexing successful: inu:dil-d5aa99fa-e027-486b-a9da-7f1ebd469f32
D, [2015-04-17T15:49:05.055416 #22577] DEBUG -- : Indexing successful: inu:dil-06737c29-7ab2-424f-aa5a-08548156af33
D, [2015-04-17T15:49:05.891800 #22577] DEBUG -- : Indexing successful: inu:dil-805fd9b4-8904-43c2-b51b-8e62e1e7b081
D, [2015-04-17T15:49:06.713054 #22577] DEBUG -- : Indexing successful: inu:dil-97753d10-0fd8-4407-981d-e5268dff7080
D, [2015-04-17T15:49:07.505964 #22577] DEBUG -- : Indexing successful: inu:dil-3ab09c7c-f9cb-4784-8ed4-c969c95d0728
D, [2015-04-17T15:49:08.041277 #22577] DEBUG -- : Indexing successful: inu:dil-local-7d24a761-821a-4d42-8ce5-87cd910b6d3c
D, [2015-04-17T15:49:08.795246 #22577] DEBUG -- : Indexing successful: inu:dil-b810aa48-68ca-4148-8ab7-8682d2a374e2
D, [2015-04-17T15:49:09.542632 #22577] DEBUG -- : Indexing successful: inu:dil-efbcb18e-082b-4783-8c71-42bdcfb0581b
D, [2015-04-17T15:49:10.320986 #22577] DEBUG -- : Indexing successful: inu:dil-4587e4d0-59c2-4cd6-b845-1578c6b905ac
D, [2015-04-17T15:49:10.854948 #22577] DEBUG -- : Indexing successful: inu:dil-c7d82880-43f5-4b0a-b328-673dd5206ea1
D, [2015-04-17T15:49:11.419760 #22577] DEBUG -- : Indexing successful: inu:dil-d3df3de7-095d-45f3-ad6b-35955429d39e
D, [2015-04-17T15:49:12.236389 #22577] DEBUG -- : Indexing successful: inu:dil-24d7f206-d2b3-49ae-905b-4a285c30e79f
D, [2015-04-17T15:49:13.060250 #22577] DEBUG -- : Indexing successful: inu:dil-babe66d3-fc51-4238-8c3d-88660f5c3d41
D, [2015-04-17T15:49:13.890372 #22577] DEBUG -- : Indexing successful: inu:dil-5fb5fdf9-5dd1-441b-ad17-ac67abe95761
D, [2015-04-17T15:49:14.663626 #22577] DEBUG -- : Indexing successful: inu:dil-09b09f4b-c18d-4c60-bf25-1d3dab76c218
D, [2015-04-17T15:49:15.428165 #22577] DEBUG -- : Indexing successful: inu:dil-e2f0db5a-1ef4-4e99-a1b3-0c8e88655cb4
D, [2015-04-17T15:49:16.194472 #22577] DEBUG -- : Indexing successful: inu:dil-6834826b-a2d7-401c-a35f-6b25c352f605
D, [2015-04-17T15:49:16.973491 #22577] DEBUG -- : Indexing successful: inu:dil-9ad5282e-a07d-4051-86b0-88c4d4fbc3b1
D, [2015-04-17T15:49:17.721931 #22577] DEBUG -- : Indexing successful: inu:dil-8e9d22f9-7b43-4c30-be8f-f3f57b49b7a2
D, [2015-04-17T15:49:18.265574 #22577] DEBUG -- : Indexing successful: inu:dil-e1a77238-f480-4ab1-9bca-0568668d8e8d
D, [2015-04-17T15:49:18.800521 #22577] DEBUG -- : Indexing successful: inu:dil-6836ee4f-517c-4f4f-a92c-84777b77b493
D, [2015-04-17T15:49:19.344272 #22577] DEBUG -- : Indexing successful: inu:dil-a4ec055e-d98e-4e5a-a608-50838a3f1c5b
D, [2015-04-17T15:49:19.928323 #22577] DEBUG -- : Indexing successful: inu:dil-f32178e4-220b-4916-8419-5533525d382c
D, [2015-04-17T15:49:20.872193 #22577] DEBUG -- : Indexing successful: inu:dil-9ebd807d-eff0-4cbf-b229-584f2ff402e8
D, [2015-04-17T15:49:21.673853 #22577] DEBUG -- : Indexing successful: inu:dil-680c6a27-e44f-4d27-9e43-8af6a648e872
D, [2015-04-17T15:49:22.561259 #22577] DEBUG -- : Indexing successful: inu:dil-feafdf87-8a53-447e-952a-f64f0ec243fc
D, [2015-04-17T15:49:23.329896 #22577] DEBUG -- : Indexing successful: inu:dil-2e4de01f-7ff0-4f14-8a34-7930d07bfba8
D, [2015-04-17T15:49:23.889207 #22577] DEBUG -- : Indexing successful: inu:dil-f43ff22f-5d9d-47a0-88c7-8ad13d5a99df
D, [2015-04-17T15:49:24.447146 #22577] DEBUG -- : Indexing successful: inu:dil-d8d3e58e-4523-4d4e-b75a-c288391fdfd0
D, [2015-04-17T15:49:25.008222 #22577] DEBUG -- : Indexing successful: inu:dil-6d00c137-df3e-47fc-9fc1-e65a725845d5
D, [2015-04-17T15:49:25.598982 #22577] DEBUG -- : Indexing successful: inu:dil-011c0bbf-12e4-4e1c-98f2-e69565ca8513
D, [2015-04-17T15:49:26.269886 #22577] DEBUG -- : Indexing successful: inu:dil-398d3632-188f-46dc-9379-4a5ed9e61987
D, [2015-04-17T15:49:26.861633 #22577] DEBUG -- : Indexing successful: inu:dil-142f8a4d-0c42-4da5-b17d-662db3283d74
D, [2015-04-17T15:49:27.426082 #22577] DEBUG -- : Indexing successful: inu:dil-4707acd5-c55f-4961-b288-9a8828b0c3dd
D, [2015-04-17T15:49:27.986068 #22577] DEBUG -- : Indexing successful: inu:dil-3f33bab3-b2b8-40e0-887d-fb665b863b39
D, [2015-04-17T15:49:28.765862 #22577] DEBUG -- : Indexing successful: inu:dil-c299f185-5acd-46e2-990c-eb5d8b153b43
D, [2015-04-17T15:49:29.362644 #22577] DEBUG -- : Indexing successful: inu:dil-cf970515-fd19-4ae7-9a56-9826e4af9983
D, [2015-04-17T15:49:29.927718 #22577] DEBUG -- : Indexing successful: inu:dil-662f3959-0db2-48c1-a668-8efea36d67a1
D, [2015-04-17T15:49:30.496289 #22577] DEBUG -- : Indexing successful: inu:dil-9c8b8c67-d877-4f3d-a53e-287ae9d05d80
D, [2015-04-17T15:49:30.920554 #22577] DEBUG -- : Indexing successful: inu:dil-2bf7d015-76b1-4a7e-a198-4f0923cd4b92
D, [2015-04-17T15:49:31.340252 #22577] DEBUG -- : Indexing successful: inu:dil-00-23655b1f-7029-4fb4-aa10-8ababe0ca63b
D, [2015-04-17T15:49:32.308278 #22577] DEBUG -- : Indexing successful: inu:dil-47ab8b6d-b0ef-494f-91ac-5906560fa90b
D, [2015-04-17T15:49:33.359320 #22577] DEBUG -- : Indexing successful: inu:dil-7ab2b6b9-1583-45e5-9e87-2c50d4360ff5
D, [2015-04-17T15:49:33.955428 #22577] DEBUG -- : Indexing successful: inu:dil-831b4280-abec-4000-851c-42a2703bdd12
D, [2015-04-17T15:49:34.532498 #22577] DEBUG -- : Indexing successful: inu:dil-6754b7ba-4038-4f0f-8103-7ed123c1357c
D, [2015-04-17T15:49:35.096643 #22577] DEBUG -- : Indexing successful: inu:dil-6748d6d7-819f-4b9f-acd1-e9b03beee7bc
D, [2015-04-17T15:49:35.640216 #22577] DEBUG -- : Indexing successful: inu:dil-6b207912-e22f-4331-aad8-4514d4e1b30c
D, [2015-04-17T15:49:36.267788 #22577] DEBUG -- : Indexing successful: inu:dil-51fdc4ca-eaad-429e-9b45-5ce58121a400
D, [2015-04-17T15:49:36.790425 #22577] DEBUG -- : Indexing successful: inu:dil-71e20308-aa04-4c35-8149-5b8d6c27326e
D, [2015-04-17T15:49:37.359092 #22577] DEBUG -- : Indexing successful: inu:dil-5d5f63d1-2f2e-490d-abf6-591e383ca204
D, [2015-04-17T15:49:38.327342 #22577] DEBUG -- : Indexing successful: inu:dil-af3c7e97-8fee-4a3d-8584-913fd3089c92
D, [2015-04-17T15:49:39.280959 #22577] DEBUG -- : Indexing successful: inu:dil-947cf7ac-0492-47be-b0ce-7dce22d49f54
D, [2015-04-17T15:49:40.392256 #22577] DEBUG -- : Indexing successful: inu:dil-ae1536f3-0f95-4267-aeae-d32238d4312f
D, [2015-04-17T15:49:40.999805 #22577] DEBUG -- : Indexing successful: inu:dil-88bf652c-f68c-48cd-a6b8-ff79d5ee8114
D, [2015-04-17T15:49:41.626178 #22577] DEBUG -- : Indexing successful: inu:dil-836d2e9d-eedc-44da-a397-fb3471f38b4a
D, [2015-04-17T15:49:42.181467 #22577] DEBUG -- : Indexing successful: inu:dil-8dbcadc3-3ba6-4a63-831e-8ee313a4939f
D, [2015-04-17T15:49:42.767100 #22577] DEBUG -- : Indexing successful: inu:dil-8cb62ade-50e8-465c-ba38-2eb5e9991d9e
D, [2015-04-17T15:49:43.491237 #22577] DEBUG -- : Indexing successful: inu:dil-9d1e86cd-356a-4e4f-9976-f5141dd1bf09
D, [2015-04-17T15:49:43.925225 #22577] DEBUG -- : Indexing successful: inu:dil-932ada6f-5cce-45c8-a6b9-139e1e1f281b
D, [2015-04-17T15:49:44.822820 #22577] DEBUG -- : Indexing successful: inu:dil-cffada80-57f3-4d98-a0ee-e73048943f90
D, [2015-04-17T15:49:45.816512 #22577] DEBUG -- : Indexing successful: inu:dil-d3d3680d-622d-487e-be2f-0a6fa8dccb09
D, [2015-04-17T15:49:46.768860 #22577] DEBUG -- : Indexing successful: inu:dil-c5275483-699b-46de-b7ac-d4e54112cb60
D, [2015-04-17T15:49:47.699633 #22577] DEBUG -- : Indexing successful: inu:dil-c1d57bb2-d938-40c9-9500-603f3d03264b
D, [2015-04-17T15:49:48.701859 #22577] DEBUG -- : Indexing successful: inu:dil-bf9b747d-a933-4cf5-b952-357456dd5790
D, [2015-04-17T15:49:49.662351 #22577] DEBUG -- : Indexing successful: inu:dil-c417c5aa-af70-4cf7-8b40-efbd08a5f70f
D, [2015-04-17T15:49:50.521494 #22577] DEBUG -- : Indexing successful: inu:dil-bf481820-c49f-43e5-aedb-b36cf07df1b6
D, [2015-04-17T15:49:52.020847 #22577] DEBUG -- : Indexing successful: inu:dil-b5014da9-a0bd-4339-87fd-5672581204f1
D, [2015-04-17T15:49:52.656926 #22577] DEBUG -- : Indexing successful: inu:dil-e3706396-9c2a-47ac-9e99-e1bfb7ce1cf9
D, [2015-04-17T15:49:53.551236 #22577] DEBUG -- : Indexing successful: inu:dil-f36a77f8-e2af-4139-b5e6-e0e9cf09ab63
D, [2015-04-17T15:49:54.507073 #22577] DEBUG -- : Indexing successful: inu:dil-fbb74b25-0bde-48e2-92c9-cea01c55c4f5
D, [2015-04-17T15:49:55.469848 #22577] DEBUG -- : Indexing successful: inu:dil-fc8c3d36-22e7-4072-a8d4-6d2665147d24
D, [2015-04-17T15:49:56.104495 #22577] DEBUG -- : Indexing successful: inu:dil-ff840678-f287-40a6-86a4-ffaa0738e172
D, [2015-04-17T15:49:57.135412 #22577] DEBUG -- : Indexing successful: inu:dil-zz614ec515-86cd-49cf-98e7-e91c43d48c56
D, [2015-04-17T15:49:58.167982 #22577] DEBUG -- : Indexing successful: inu:dil-zz6c49cc99-0aba-4c13-9126-fdb1889d9883
D, [2015-04-17T15:49:59.187333 #22577] DEBUG -- : Indexing successful: inu:dil-zza1b27840-c9ca-41a5-a39d-531621421d6d
D, [2015-04-17T15:54:16.016176 #23165] DEBUG -- : Indexing successful: inu:dil-3171fdcb-8aca-4bb4-b307-4670a2573b7d
D, [2015-04-17T15:54:16.901289 #23165] DEBUG -- : Indexing successful: inu:dil-458769ea-0b6b-4a55-9ff0-fb51ebe3c50f
D, [2015-04-17T15:54:17.720178 #23165] DEBUG -- : Indexing successful: inu:dil-2a62c7a1-0308-455e-92a7-3b664c1b2a04
D, [2015-04-17T15:54:18.384875 #23165] DEBUG -- : Indexing successful: inu:dil-5628e492-dd69-46fc-a77f-abe25586007b
D, [2015-04-17T15:54:19.033398 #23165] DEBUG -- : Indexing successful: inu:dil-5c10d8da-76c4-4f45-aa9a-cb9e9f116393
D, [2015-04-17T15:54:19.516620 #23165] DEBUG -- : Indexing successful: inu:dil-659043fa-f645-4d20-89b6-9af5bd0b0883
D, [2015-04-17T15:54:20.106507 #23165] DEBUG -- : Indexing successful: inu:dil-de2b452f-9db9-43e4-a3b3-3da6d6df7b72
D, [2015-04-17T15:54:20.587315 #23165] DEBUG -- : Indexing successful: inu:dil-44f05244-687f-4c30-ac44-e8d52818cb85
D, [2015-04-17T15:54:21.384589 #23165] DEBUG -- : Indexing successful: inu:dil-da8d46fb-24a3-4bab-a15c-f046f987b541
D, [2015-04-17T15:54:22.102529 #23165] DEBUG -- : Indexing successful: inu:dil-cf3e96f6-9026-4952-8c84-753750c61484
D, [2015-04-17T15:54:22.904941 #23165] DEBUG -- : Indexing successful: inu:dil-e0d6551c-b2f9-4b17-a3c2-1fcafc79b0ee
D, [2015-04-17T15:54:23.704772 #23165] DEBUG -- : Indexing successful: inu:dil-fb3a4961-849d-4e62-9b28-d55a56187784
D, [2015-04-17T15:54:24.473496 #23165] DEBUG -- : Indexing successful: inu:dil-4eeb46b3-a76d-407b-8f6d-39f2954dc4b9
D, [2015-04-17T15:54:25.216129 #23165] DEBUG -- : Indexing successful: inu:dil-50f466e3-f302-4101-8df1-ae6d01f7a552
D, [2015-04-17T15:54:25.943207 #23165] DEBUG -- : Indexing successful: inu:dil-c7984928-3aeb-4735-bba1-e4a0a7f3be3e
D, [2015-04-17T15:54:26.489488 #23165] DEBUG -- : Indexing successful: inu:dil-c9c61a1a-1d1b-46a3-8622-037e1f9363d7
D, [2015-04-17T15:54:27.052218 #23165] DEBUG -- : Indexing successful: inu:dil-ddf47dd7-032e-4e67-8542-4c654a7907ba
D, [2015-04-17T15:54:27.605054 #23165] DEBUG -- : Indexing successful: inu:dil-4fe005c7-d084-4a8c-bb7a-b9c10a4575e7
D, [2015-04-17T15:54:28.381763 #23165] DEBUG -- : Indexing successful: inu:dil-771ef004-4b82-4421-87f7-1cc247ac6c5e
D, [2015-04-17T15:54:28.909348 #23165] DEBUG -- : Indexing successful: inu:dil-8459a3e1-271e-4a3f-9250-719b697e92ee
D, [2015-04-17T15:54:29.639738 #23165] DEBUG -- : Indexing successful: inu:dil-51a7243f-b3c7-40ab-ac59-e7087692dee8
D, [2015-04-17T15:54:30.376667 #23165] DEBUG -- : Indexing successful: inu:dil-1281f5c7-3722-40a9-8164-8d7051768f0d
D, [2015-04-17T15:54:31.119456 #23165] DEBUG -- : Indexing successful: inu:dil-aa1b48cf-8cd5-409b-b4a1-feebd42bfee4
D, [2015-04-17T15:54:31.861187 #23165] DEBUG -- : Indexing successful: inu:dil-18da1b5f-db8a-49fa-a1f8-26cebe25cd36
D, [2015-04-17T15:54:32.484231 #23165] DEBUG -- : Indexing successful: inu:dil-d9e4c410-f9b8-476a-b528-cee959bd32ae
D, [2015-04-17T15:54:33.061786 #23165] DEBUG -- : Indexing successful: inu:dil-db9c9046-3b03-4a29-ab84-0fb5131066b8
D, [2015-04-17T15:54:33.958284 #23165] DEBUG -- : Indexing successful: inu:dil-a6442dbd-37b3-4c57-a35f-f2b50cba61dd
D, [2015-04-17T15:54:34.597695 #23165] DEBUG -- : Indexing successful: inu:dil-4af1334a-8ae6-47ad-8ad4-69c54ba10bea
D, [2015-04-17T15:54:35.180443 #23165] DEBUG -- : Indexing successful: inu:dil-0748d2aa-8d9e-408b-a731-9428d7da1920
D, [2015-04-17T15:54:35.997870 #23165] DEBUG -- : Indexing successful: inu:dil-eac0fc3b-8127-4f03-9ff1-d64c88f4f630
D, [2015-04-17T15:54:36.745438 #23165] DEBUG -- : Indexing successful: inu:dil-9c3bdacd-30bb-4966-b1ce-27c450812abf
D, [2015-04-17T15:54:37.296501 #23165] DEBUG -- : Indexing successful: inu:dil-20a0c5e2-ec65-4bc2-bf3b-282f1453b9f0
D, [2015-04-17T15:54:37.830038 #23165] DEBUG -- : Indexing successful: inu:dil-7f96eb76-97f6-4d1b-a313-4cbd7ced53cd
D, [2015-04-17T15:54:38.380382 #23165] DEBUG -- : Indexing successful: inu:dil-94743766-98e2-4e31-b4e4-5baca302ba2d
D, [2015-04-17T15:54:38.908920 #23165] DEBUG -- : Indexing successful: inu:dil-0c25917a-f45f-4d11-8adc-e509c32abada
D, [2015-04-17T15:54:39.490130 #23165] DEBUG -- : Indexing successful: inu:dil-6c7336fc-3e2f-41d2-ad3a-80634e9a2661
D, [2015-04-17T15:54:40.044529 #23165] DEBUG -- : Indexing successful: inu:dil-e6dd4c73-b627-4d42-a6d5-df6010781766
D, [2015-04-17T15:54:40.602900 #23165] DEBUG -- : Indexing successful: inu:dil-3c3233ad-fa5c-4166-a527-89df45f5f0da
D, [2015-04-17T15:54:41.145931 #23165] DEBUG -- : Indexing successful: inu:dil-003e53ef-6195-436d-91f3-82fe5b0392b6
D, [2015-04-17T15:54:41.688348 #23165] DEBUG -- : Indexing successful: inu:dil-5a15fe8c-1ad8-46c1-8dd9-1fe8ae3601de
D, [2015-04-17T15:54:42.224994 #23165] DEBUG -- : Indexing successful: inu:dil-3252c979-7617-4f5c-aab1-812d6027cb1a
D, [2015-04-17T15:54:42.752549 #23165] DEBUG -- : Indexing successful: inu:dil-5c539dcd-aa70-43ba-b8a6-8ae25a168cc7
D, [2015-04-17T15:54:43.525729 #23165] DEBUG -- : Indexing successful: inu:dil-81394988-f2fb-4ad7-8b57-cb10ea1bf8db
D, [2015-04-17T15:54:44.335856 #23165] DEBUG -- : Indexing successful: inu:dil-f904fa7d-3b4b-4ebe-847a-f6a8dc8253b3
D, [2015-04-17T15:54:45.170698 #23165] DEBUG -- : Indexing successful: inu:dil-e8a6d7ad-890e-4d02-8e06-d3789818667c
D, [2015-04-17T15:54:46.014185 #23165] DEBUG -- : Indexing successful: inu:dil-aad4e503-0eb4-4a04-9876-ef1f12e4cb15
D, [2015-04-17T15:54:46.830044 #23165] DEBUG -- : Indexing successful: inu:dil-c5d231cc-4d6f-4e88-a315-5863a3d2f454
D, [2015-04-17T15:54:47.593474 #23165] DEBUG -- : Indexing successful: inu:dil-66590336-d551-4af8-a963-0267a7931387
D, [2015-04-17T15:54:48.190209 #23165] DEBUG -- : Indexing successful: inu:dil-f3c9dd59-36d5-4a8e-bcfb-8a5d283bf696
D, [2015-04-17T15:54:48.759004 #23165] DEBUG -- : Indexing successful: inu:dil-75c7c136-8a47-4867-a095-c3c04b420a98
D, [2015-04-17T15:54:49.315445 #23165] DEBUG -- : Indexing successful: inu:dil-4c129582-2901-4898-9fec-89266c43fafc
D, [2015-04-17T15:54:49.851446 #23165] DEBUG -- : Indexing successful: inu:dil-d57be389-a8ff-469f-98f7-402bb667c8dd
D, [2015-04-17T15:54:50.633467 #23165] DEBUG -- : Indexing successful: inu:dil-1bdfe199-4dc5-4ae7-8610-020e7f410574
D, [2015-04-17T15:54:51.436930 #23165] DEBUG -- : Indexing successful: inu:dil-e174bd2a-075f-49eb-b700-a57c7d6e7e36
D, [2015-04-17T15:54:52.292621 #23165] DEBUG -- : Indexing successful: inu:dil-0016695d-feed-4d0c-89d1-7e7473639ca0
D, [2015-04-17T15:54:53.108484 #23165] DEBUG -- : Indexing successful: inu:dil-8255b48a-89aa-4fb2-a4b9-e55f76d7ed70
D, [2015-04-17T15:54:53.869827 #23165] DEBUG -- : Indexing successful: inu:dil-4f1fd5e9-8dfa-429f-984e-9898b9a7a474
D, [2015-04-17T15:54:54.700624 #23165] DEBUG -- : Indexing successful: inu:dil-ce850680-9f51-4b5b-9a75-3ff587010523
D, [2015-04-17T15:54:55.447079 #23165] DEBUG -- : Indexing successful: inu:dil-523a06f7-0bfb-4174-8f10-878abf0db3ec
D, [2015-04-17T15:54:56.234244 #23165] DEBUG -- : Indexing successful: inu:dil-39471f3e-6e09-43f4-878f-10cb4feb9662
D, [2015-04-17T15:54:56.978047 #23165] DEBUG -- : Indexing successful: inu:dil-ec50291d-3bea-477d-9c37-a2131718b22f
D, [2015-04-17T15:54:57.521732 #23165] DEBUG -- : Indexing successful: inu:dil-027cd93d-1f0f-400c-93eb-bca934d7de16
D, [2015-04-17T15:54:58.059226 #23165] DEBUG -- : Indexing successful: inu:dil-0c9342e4-de41-42c9-895c-19edc4d0d84b
D, [2015-04-17T15:54:58.639888 #23165] DEBUG -- : Indexing successful: inu:dil-35b90e6f-0002-4a15-9e5c-7317412f92ca
D, [2015-04-17T15:54:59.171598 #23165] DEBUG -- : Indexing successful: inu:dil-2e2cf784-ff44-4765-ac9a-3ba6aeed59e2
D, [2015-04-17T15:54:59.951564 #23165] DEBUG -- : Indexing successful: inu:dil-97a99746-d341-4d15-b186-ec3125ef8445
D, [2015-04-17T15:55:00.700527 #23165] DEBUG -- : Indexing successful: inu:dil-3cf9fdd3-250b-418c-ae31-6328d6d8737a
D, [2015-04-17T15:55:01.448556 #23165] DEBUG -- : Indexing successful: inu:dil-6eba12a6-18b2-4fff-8028-19208d03bccd
D, [2015-04-17T15:55:02.249972 #23165] DEBUG -- : Indexing successful: inu:dil-2e7c06a9-7a84-410a-a39b-24cf9a20ac4a
D, [2015-04-17T15:55:03.087243 #23165] DEBUG -- : Indexing successful: inu:dil-73402040-5b3b-4b9b-9a45-fcedd52a95e8
D, [2015-04-17T15:55:03.707818 #23165] DEBUG -- : Indexing successful: inu:dil-6c2655b7-17a0-4c3e-bd0f-1c16f7d815cf
D, [2015-04-17T15:55:04.294133 #23165] DEBUG -- : Indexing successful: inu:dil-e20f4a29-766b-459e-8cd7-65f813176837
D, [2015-04-17T15:55:04.858394 #23165] DEBUG -- : Indexing successful: inu:dil-ccbffc78-baf0-47d6-a6c5-7b5e707ab88e
D, [2015-04-17T15:55:05.396576 #23165] DEBUG -- : Indexing successful: inu:dil-20dcce81-5051-4b45-a000-b7bcd49a33b2
D, [2015-04-17T15:55:05.934545 #23165] DEBUG -- : Indexing successful: inu:dil-60f83972-a1fd-4e27-b772-0af4ce83ad7b
D, [2015-04-17T15:55:06.462129 #23165] DEBUG -- : Indexing successful: inu:dil-7b5659d6-567d-4864-bb8b-30a06584f0eb
D, [2015-04-17T15:55:06.995773 #23165] DEBUG -- : Indexing successful: inu:dil-75219adf-1eb4-41cf-aefa-3e9b49da6b10
D, [2015-04-17T15:55:07.607898 #23165] DEBUG -- : Indexing successful: inu:dil-47f7db60-e01e-43ce-8293-8ea612e8aff3
D, [2015-04-17T15:55:08.144606 #23165] DEBUG -- : Indexing successful: inu:dil-2602d092-cdd9-49da-b7d2-55f439a5233f
D, [2015-04-17T15:55:08.735399 #23165] DEBUG -- : Indexing successful: inu:dil-814d7dd0-551c-41f0-a0a2-fadbb3528379
D, [2015-04-17T15:55:09.273600 #23165] DEBUG -- : Indexing successful: inu:dil-9f55fa26-475b-4e9d-b8ad-c953fbdbef22
D, [2015-04-17T15:55:10.047745 #23165] DEBUG -- : Indexing successful: inu:dil-d9a51324-4443-4c46-9403-45e70ecf8c61
D, [2015-04-17T15:55:10.592596 #23165] DEBUG -- : Indexing successful: inu:dil-15056448-9255-4da4-8867-22d9d432cba8
D, [2015-04-17T15:55:11.342281 #23165] DEBUG -- : Indexing successful: inu:dil-885707b3-61b7-466b-b56e-3e3bed387f44
D, [2015-04-17T15:55:11.882374 #23165] DEBUG -- : Indexing successful: inu:dil-3a94482c-340e-4f4a-a7be-b86724fa41b8
D, [2015-04-17T15:55:12.421216 #23165] DEBUG -- : Indexing successful: inu:dil-0e9db966-ae39-4636-86ef-098368dc55ac
D, [2015-04-17T15:55:12.968372 #23165] DEBUG -- : Indexing successful: inu:dil-ecf7669f-7dd6-4ed9-8862-d5350961f86e
D, [2015-04-17T15:55:13.497116 #23165] DEBUG -- : Indexing successful: inu:dil-d5aa99fa-e027-486b-a9da-7f1ebd469f32
D, [2015-04-17T15:55:14.254514 #23165] DEBUG -- : Indexing successful: inu:dil-06737c29-7ab2-424f-aa5a-08548156af33
D, [2015-04-17T15:55:15.058313 #23165] DEBUG -- : Indexing successful: inu:dil-805fd9b4-8904-43c2-b51b-8e62e1e7b081
D, [2015-04-17T15:55:15.852503 #23165] DEBUG -- : Indexing successful: inu:dil-97753d10-0fd8-4407-981d-e5268dff7080
D, [2015-04-17T15:55:16.717339 #23165] DEBUG -- : Indexing successful: inu:dil-3ab09c7c-f9cb-4784-8ed4-c969c95d0728
D, [2015-04-17T15:55:17.226412 #23165] DEBUG -- : Indexing successful: inu:dil-local-7d24a761-821a-4d42-8ce5-87cd910b6d3c
D, [2015-04-17T15:55:17.979316 #23165] DEBUG -- : Indexing successful: inu:dil-b810aa48-68ca-4148-8ab7-8682d2a374e2
D, [2015-04-17T15:55:18.711656 #23165] DEBUG -- : Indexing successful: inu:dil-efbcb18e-082b-4783-8c71-42bdcfb0581b
D, [2015-04-17T15:55:19.450772 #23165] DEBUG -- : Indexing successful: inu:dil-4587e4d0-59c2-4cd6-b845-1578c6b905ac
D, [2015-04-17T15:55:19.965905 #23165] DEBUG -- : Indexing successful: inu:dil-c7d82880-43f5-4b0a-b328-673dd5206ea1
D, [2015-04-17T15:55:20.501061 #23165] DEBUG -- : Indexing successful: inu:dil-d3df3de7-095d-45f3-ad6b-35955429d39e
D, [2015-04-17T15:55:21.287225 #23165] DEBUG -- : Indexing successful: inu:dil-24d7f206-d2b3-49ae-905b-4a285c30e79f
D, [2015-04-17T15:55:22.092837 #23165] DEBUG -- : Indexing successful: inu:dil-babe66d3-fc51-4238-8c3d-88660f5c3d41
D, [2015-04-17T15:55:22.900229 #23165] DEBUG -- : Indexing successful: inu:dil-5fb5fdf9-5dd1-441b-ad17-ac67abe95761
D, [2015-04-17T15:55:23.640157 #23165] DEBUG -- : Indexing successful: inu:dil-09b09f4b-c18d-4c60-bf25-1d3dab76c218
D, [2015-04-17T15:55:24.377992 #23165] DEBUG -- : Indexing successful: inu:dil-e2f0db5a-1ef4-4e99-a1b3-0c8e88655cb4
D, [2015-04-17T15:55:25.102657 #23165] DEBUG -- : Indexing successful: inu:dil-6834826b-a2d7-401c-a35f-6b25c352f605
D, [2015-04-17T15:55:25.842969 #23165] DEBUG -- : Indexing successful: inu:dil-9ad5282e-a07d-4051-86b0-88c4d4fbc3b1
D, [2015-04-17T15:55:26.572368 #23165] DEBUG -- : Indexing successful: inu:dil-8e9d22f9-7b43-4c30-be8f-f3f57b49b7a2
D, [2015-04-17T15:55:27.114768 #23165] DEBUG -- : Indexing successful: inu:dil-e1a77238-f480-4ab1-9bca-0568668d8e8d
D, [2015-04-17T15:55:27.640893 #23165] DEBUG -- : Indexing successful: inu:dil-6836ee4f-517c-4f4f-a92c-84777b77b493
D, [2015-04-17T15:55:28.195287 #23165] DEBUG -- : Indexing successful: inu:dil-a4ec055e-d98e-4e5a-a608-50838a3f1c5b
D, [2015-04-17T15:55:28.729496 #23165] DEBUG -- : Indexing successful: inu:dil-f32178e4-220b-4916-8419-5533525d382c
D, [2015-04-17T15:55:29.474870 #23165] DEBUG -- : Indexing successful: inu:dil-9ebd807d-eff0-4cbf-b229-584f2ff402e8
D, [2015-04-17T15:55:30.198603 #23165] DEBUG -- : Indexing successful: inu:dil-680c6a27-e44f-4d27-9e43-8af6a648e872
D, [2015-04-17T15:55:30.945803 #23165] DEBUG -- : Indexing successful: inu:dil-feafdf87-8a53-447e-952a-f64f0ec243fc
D, [2015-04-17T15:55:31.711216 #23165] DEBUG -- : Indexing successful: inu:dil-2e4de01f-7ff0-4f14-8a34-7930d07bfba8
D, [2015-04-17T15:55:32.250837 #23165] DEBUG -- : Indexing successful: inu:dil-f43ff22f-5d9d-47a0-88c7-8ad13d5a99df
D, [2015-04-17T15:55:32.786495 #23165] DEBUG -- : Indexing successful: inu:dil-d8d3e58e-4523-4d4e-b75a-c288391fdfd0
D, [2015-04-17T15:55:33.315957 #23165] DEBUG -- : Indexing successful: inu:dil-6d00c137-df3e-47fc-9fc1-e65a725845d5
D, [2015-04-17T15:55:33.842803 #23165] DEBUG -- : Indexing successful: inu:dil-011c0bbf-12e4-4e1c-98f2-e69565ca8513
D, [2015-04-17T15:55:34.372684 #23165] DEBUG -- : Indexing successful: inu:dil-398d3632-188f-46dc-9379-4a5ed9e61987
D, [2015-04-17T15:55:34.942831 #23165] DEBUG -- : Indexing successful: inu:dil-142f8a4d-0c42-4da5-b17d-662db3283d74
D, [2015-04-17T15:55:35.506477 #23165] DEBUG -- : Indexing successful: inu:dil-4707acd5-c55f-4961-b288-9a8828b0c3dd
D, [2015-04-17T15:55:36.015206 #23165] DEBUG -- : Indexing successful: inu:dil-3f33bab3-b2b8-40e0-887d-fb665b863b39
D, [2015-04-17T15:55:36.807768 #23165] DEBUG -- : Indexing successful: inu:dil-c299f185-5acd-46e2-990c-eb5d8b153b43
D, [2015-04-17T15:55:37.385568 #23165] DEBUG -- : Indexing successful: inu:dil-cf970515-fd19-4ae7-9a56-9826e4af9983
D, [2015-04-17T15:55:37.966999 #23165] DEBUG -- : Indexing successful: inu:dil-662f3959-0db2-48c1-a668-8efea36d67a1
D, [2015-04-17T15:55:38.523464 #23165] DEBUG -- : Indexing successful: inu:dil-9c8b8c67-d877-4f3d-a53e-287ae9d05d80
D, [2015-04-17T15:55:38.928281 #23165] DEBUG -- : Indexing successful: inu:dil-2bf7d015-76b1-4a7e-a198-4f0923cd4b92
D, [2015-04-17T15:55:39.316568 #23165] DEBUG -- : Indexing successful: inu:dil-00-23655b1f-7029-4fb4-aa10-8ababe0ca63b
D, [2015-04-17T15:55:40.236163 #23165] DEBUG -- : Indexing successful: inu:dil-47ab8b6d-b0ef-494f-91ac-5906560fa90b
D, [2015-04-17T15:55:41.168891 #23165] DEBUG -- : Indexing successful: inu:dil-7ab2b6b9-1583-45e5-9e87-2c50d4360ff5
D, [2015-04-17T15:55:41.742363 #23165] DEBUG -- : Indexing successful: inu:dil-831b4280-abec-4000-851c-42a2703bdd12
D, [2015-04-17T15:55:42.306647 #23165] DEBUG -- : Indexing successful: inu:dil-6754b7ba-4038-4f0f-8103-7ed123c1357c
D, [2015-04-17T15:55:42.863639 #23165] DEBUG -- : Indexing successful: inu:dil-6748d6d7-819f-4b9f-acd1-e9b03beee7bc
D, [2015-04-17T15:55:43.397002 #23165] DEBUG -- : Indexing successful: inu:dil-6b207912-e22f-4331-aad8-4514d4e1b30c
D, [2015-04-17T15:55:43.958905 #23165] DEBUG -- : Indexing successful: inu:dil-51fdc4ca-eaad-429e-9b45-5ce58121a400
D, [2015-04-17T15:55:44.474417 #23165] DEBUG -- : Indexing successful: inu:dil-71e20308-aa04-4c35-8149-5b8d6c27326e
D, [2015-04-17T15:55:45.003589 #23165] DEBUG -- : Indexing successful: inu:dil-5d5f63d1-2f2e-490d-abf6-591e383ca204
D, [2015-04-17T15:55:46.006126 #23165] DEBUG -- : Indexing successful: inu:dil-af3c7e97-8fee-4a3d-8584-913fd3089c92
D, [2015-04-17T15:55:46.869032 #23165] DEBUG -- : Indexing successful: inu:dil-947cf7ac-0492-47be-b0ce-7dce22d49f54
D, [2015-04-17T15:55:47.831108 #23165] DEBUG -- : Indexing successful: inu:dil-ae1536f3-0f95-4267-aeae-d32238d4312f
D, [2015-04-17T15:55:48.419192 #23165] DEBUG -- : Indexing successful: inu:dil-88bf652c-f68c-48cd-a6b8-ff79d5ee8114
D, [2015-04-17T15:55:48.989446 #23165] DEBUG -- : Indexing successful: inu:dil-836d2e9d-eedc-44da-a397-fb3471f38b4a
D, [2015-04-17T15:55:49.548197 #23165] DEBUG -- : Indexing successful: inu:dil-8dbcadc3-3ba6-4a63-831e-8ee313a4939f
D, [2015-04-17T15:55:50.096632 #23165] DEBUG -- : Indexing successful: inu:dil-8cb62ade-50e8-465c-ba38-2eb5e9991d9e
D, [2015-04-17T15:55:50.646184 #23165] DEBUG -- : Indexing successful: inu:dil-9d1e86cd-356a-4e4f-9976-f5141dd1bf09
D, [2015-04-17T15:55:51.065902 #23165] DEBUG -- : Indexing successful: inu:dil-932ada6f-5cce-45c8-a6b9-139e1e1f281b
D, [2015-04-17T15:55:51.977266 #23165] DEBUG -- : Indexing successful: inu:dil-cffada80-57f3-4d98-a0ee-e73048943f90
D, [2015-04-17T15:55:52.899011 #23165] DEBUG -- : Indexing successful: inu:dil-d3d3680d-622d-487e-be2f-0a6fa8dccb09
D, [2015-04-17T15:55:53.809509 #23165] DEBUG -- : Indexing successful: inu:dil-c5275483-699b-46de-b7ac-d4e54112cb60
D, [2015-04-17T15:55:54.732214 #23165] DEBUG -- : Indexing successful: inu:dil-c1d57bb2-d938-40c9-9500-603f3d03264b
D, [2015-04-17T15:55:55.679743 #23165] DEBUG -- : Indexing successful: inu:dil-bf9b747d-a933-4cf5-b952-357456dd5790
D, [2015-04-17T15:55:56.616146 #23165] DEBUG -- : Indexing successful: inu:dil-c417c5aa-af70-4cf7-8b40-efbd08a5f70f
D, [2015-04-17T15:55:57.292759 #23165] DEBUG -- : Indexing successful: inu:dil-bf481820-c49f-43e5-aedb-b36cf07df1b6
D, [2015-04-17T15:55:58.242223 #23165] DEBUG -- : Indexing successful: inu:dil-b5014da9-a0bd-4339-87fd-5672581204f1
D, [2015-04-17T15:55:58.804333 #23165] DEBUG -- : Indexing successful: inu:dil-e3706396-9c2a-47ac-9e99-e1bfb7ce1cf9
D, [2015-04-17T15:55:59.744726 #23165] DEBUG -- : Indexing successful: inu:dil-f36a77f8-e2af-4139-b5e6-e0e9cf09ab63
D, [2015-04-17T15:56:00.681648 #23165] DEBUG -- : Indexing successful: inu:dil-fbb74b25-0bde-48e2-92c9-cea01c55c4f5
D, [2015-04-17T15:56:01.647009 #23165] DEBUG -- : Indexing successful: inu:dil-fc8c3d36-22e7-4072-a8d4-6d2665147d24
D, [2015-04-17T15:56:02.306665 #23165] DEBUG -- : Indexing successful: inu:dil-ff840678-f287-40a6-86a4-ffaa0738e172
D, [2015-04-17T15:56:03.270634 #23165] DEBUG -- : Indexing successful: inu:dil-zz614ec515-86cd-49cf-98e7-e91c43d48c56
D, [2015-04-17T15:56:04.253425 #23165] DEBUG -- : Indexing successful: inu:dil-zz6c49cc99-0aba-4c13-9126-fdb1889d9883
D, [2015-04-17T15:56:05.298245 #23165] DEBUG -- : Indexing successful: inu:dil-zza1b27840-c9ca-41a5-a39d-531621421d6d
D, [2015-04-17T16:46:22.078381 #23976] DEBUG -- : Indexing successful: inu:dil-3171fdcb-8aca-4bb4-b307-4670a2573b7d
D, [2015-04-17T16:46:23.026449 #23976] DEBUG -- : Indexing successful: inu:dil-458769ea-0b6b-4a55-9ff0-fb51ebe3c50f
D, [2015-04-17T16:46:23.810582 #23976] DEBUG -- : Indexing successful: inu:dil-2a62c7a1-0308-455e-92a7-3b664c1b2a04
D, [2015-04-17T16:46:24.603894 #23976] DEBUG -- : Indexing successful: inu:dil-5628e492-dd69-46fc-a77f-abe25586007b
D, [2015-04-17T16:46:25.316232 #23976] DEBUG -- : Indexing successful: inu:dil-5c10d8da-76c4-4f45-aa9a-cb9e9f116393
D, [2015-04-17T16:46:25.812474 #23976] DEBUG -- : Indexing successful: inu:dil-659043fa-f645-4d20-89b6-9af5bd0b0883
D, [2015-04-17T16:46:26.458696 #23976] DEBUG -- : Indexing successful: inu:dil-de2b452f-9db9-43e4-a3b3-3da6d6df7b72
D, [2015-04-17T16:46:26.940513 #23976] DEBUG -- : Indexing successful: inu:dil-44f05244-687f-4c30-ac44-e8d52818cb85
D, [2015-04-17T16:46:27.705981 #23976] DEBUG -- : Indexing successful: inu:dil-da8d46fb-24a3-4bab-a15c-f046f987b541
D, [2015-04-17T16:46:28.554853 #23976] DEBUG -- : Indexing successful: inu:dil-cf3e96f6-9026-4952-8c84-753750c61484
D, [2015-04-17T16:46:29.422878 #23976] DEBUG -- : Indexing successful: inu:dil-e0d6551c-b2f9-4b17-a3c2-1fcafc79b0ee
D, [2015-04-17T16:46:30.166516 #23976] DEBUG -- : Indexing successful: inu:dil-fb3a4961-849d-4e62-9b28-d55a56187784
D, [2015-04-17T16:46:30.974832 #23976] DEBUG -- : Indexing successful: inu:dil-4eeb46b3-a76d-407b-8f6d-39f2954dc4b9
D, [2015-04-17T16:46:31.752635 #23976] DEBUG -- : Indexing successful: inu:dil-50f466e3-f302-4101-8df1-ae6d01f7a552
D, [2015-04-17T16:46:32.502794 #23976] DEBUG -- : Indexing successful: inu:dil-c7984928-3aeb-4735-bba1-e4a0a7f3be3e
D, [2015-04-17T16:46:33.319705 #23976] DEBUG -- : Indexing successful: inu:dil-c9c61a1a-1d1b-46a3-8622-037e1f9363d7
D, [2015-04-17T16:46:33.926573 #23976] DEBUG -- : Indexing successful: inu:dil-ddf47dd7-032e-4e67-8542-4c654a7907ba
D, [2015-04-17T16:46:34.497731 #23976] DEBUG -- : Indexing successful: inu:dil-4fe005c7-d084-4a8c-bb7a-b9c10a4575e7
D, [2015-04-17T16:46:35.330723 #23976] DEBUG -- : Indexing successful: inu:dil-771ef004-4b82-4421-87f7-1cc247ac6c5e
D, [2015-04-17T16:46:35.859056 #23976] DEBUG -- : Indexing successful: inu:dil-8459a3e1-271e-4a3f-9250-719b697e92ee
D, [2015-04-17T16:46:36.586773 #23976] DEBUG -- : Indexing successful: inu:dil-51a7243f-b3c7-40ab-ac59-e7087692dee8
D, [2015-04-17T16:46:37.327061 #23976] DEBUG -- : Indexing successful: inu:dil-1281f5c7-3722-40a9-8164-8d7051768f0d
D, [2015-04-17T16:46:38.050142 #23976] DEBUG -- : Indexing successful: inu:dil-aa1b48cf-8cd5-409b-b4a1-feebd42bfee4
D, [2015-04-17T16:46:38.851631 #23976] DEBUG -- : Indexing successful: inu:dil-18da1b5f-db8a-49fa-a1f8-26cebe25cd36
D, [2015-04-17T16:46:39.401799 #23976] DEBUG -- : Indexing successful: inu:dil-d9e4c410-f9b8-476a-b528-cee959bd32ae
D, [2015-04-17T16:46:39.966801 #23976] DEBUG -- : Indexing successful: inu:dil-db9c9046-3b03-4a29-ab84-0fb5131066b8
D, [2015-04-17T16:46:40.803172 #23976] DEBUG -- : Indexing successful: inu:dil-a6442dbd-37b3-4c57-a35f-f2b50cba61dd
D, [2015-04-17T16:46:41.340580 #23976] DEBUG -- : Indexing successful: inu:dil-4af1334a-8ae6-47ad-8ad4-69c54ba10bea
D, [2015-04-17T16:46:41.921810 #23976] DEBUG -- : Indexing successful: inu:dil-0748d2aa-8d9e-408b-a731-9428d7da1920
D, [2015-04-17T16:46:42.689014 #23976] DEBUG -- : Indexing successful: inu:dil-eac0fc3b-8127-4f03-9ff1-d64c88f4f630
D, [2015-04-17T16:46:43.476142 #23976] DEBUG -- : Indexing successful: inu:dil-9c3bdacd-30bb-4966-b1ce-27c450812abf
D, [2015-04-17T16:46:44.039703 #23976] DEBUG -- : Indexing successful: inu:dil-20a0c5e2-ec65-4bc2-bf3b-282f1453b9f0
D, [2015-04-17T16:46:44.600602 #23976] DEBUG -- : Indexing successful: inu:dil-7f96eb76-97f6-4d1b-a313-4cbd7ced53cd
D, [2015-04-17T16:46:45.327086 #23976] DEBUG -- : Indexing successful: inu:dil-94743766-98e2-4e31-b4e4-5baca302ba2d
D, [2015-04-17T16:46:45.880682 #23976] DEBUG -- : Indexing successful: inu:dil-0c25917a-f45f-4d11-8adc-e509c32abada
D, [2015-04-17T16:46:46.421277 #23976] DEBUG -- : Indexing successful: inu:dil-6c7336fc-3e2f-41d2-ad3a-80634e9a2661
D, [2015-04-17T16:46:46.986106 #23976] DEBUG -- : Indexing successful: inu:dil-e6dd4c73-b627-4d42-a6d5-df6010781766
D, [2015-04-17T16:46:47.523299 #23976] DEBUG -- : Indexing successful: inu:dil-3c3233ad-fa5c-4166-a527-89df45f5f0da
D, [2015-04-17T16:46:48.090173 #23976] DEBUG -- : Indexing successful: inu:dil-003e53ef-6195-436d-91f3-82fe5b0392b6
D, [2015-04-17T16:46:48.688935 #23976] DEBUG -- : Indexing successful: inu:dil-5a15fe8c-1ad8-46c1-8dd9-1fe8ae3601de
D, [2015-04-17T16:46:49.235341 #23976] DEBUG -- : Indexing successful: inu:dil-3252c979-7617-4f5c-aab1-812d6027cb1a
D, [2015-04-17T16:46:49.798299 #23976] DEBUG -- : Indexing successful: inu:dil-5c539dcd-aa70-43ba-b8a6-8ae25a168cc7
D, [2015-04-17T16:46:50.580997 #23976] DEBUG -- : Indexing successful: inu:dil-81394988-f2fb-4ad7-8b57-cb10ea1bf8db
D, [2015-04-17T16:46:51.409331 #23976] DEBUG -- : Indexing successful: inu:dil-f904fa7d-3b4b-4ebe-847a-f6a8dc8253b3
D, [2015-04-17T16:46:52.287935 #23976] DEBUG -- : Indexing successful: inu:dil-e8a6d7ad-890e-4d02-8e06-d3789818667c
D, [2015-04-17T16:46:53.116981 #23976] DEBUG -- : Indexing successful: inu:dil-aad4e503-0eb4-4a04-9876-ef1f12e4cb15
D, [2015-04-17T16:46:53.992571 #23976] DEBUG -- : Indexing successful: inu:dil-c5d231cc-4d6f-4e88-a315-5863a3d2f454
D, [2015-04-17T16:46:54.790992 #23976] DEBUG -- : Indexing successful: inu:dil-66590336-d551-4af8-a963-0267a7931387
D, [2015-04-17T16:46:55.358957 #23976] DEBUG -- : Indexing successful: inu:dil-f3c9dd59-36d5-4a8e-bcfb-8a5d283bf696
D, [2015-04-17T16:46:55.926643 #23976] DEBUG -- : Indexing successful: inu:dil-75c7c136-8a47-4867-a095-c3c04b420a98
D, [2015-04-17T16:46:56.489704 #23976] DEBUG -- : Indexing successful: inu:dil-4c129582-2901-4898-9fec-89266c43fafc
D, [2015-04-17T16:46:57.039323 #23976] DEBUG -- : Indexing successful: inu:dil-d57be389-a8ff-469f-98f7-402bb667c8dd
D, [2015-04-17T16:46:57.830512 #23976] DEBUG -- : Indexing successful: inu:dil-1bdfe199-4dc5-4ae7-8610-020e7f410574
D, [2015-04-17T16:46:58.668466 #23976] DEBUG -- : Indexing successful: inu:dil-e174bd2a-075f-49eb-b700-a57c7d6e7e36
D, [2015-04-17T16:46:59.487366 #23976] DEBUG -- : Indexing successful: inu:dil-0016695d-feed-4d0c-89d1-7e7473639ca0
D, [2015-04-17T16:47:00.302254 #23976] DEBUG -- : Indexing successful: inu:dil-8255b48a-89aa-4fb2-a4b9-e55f76d7ed70
D, [2015-04-17T16:47:01.091819 #23976] DEBUG -- : Indexing successful: inu:dil-4f1fd5e9-8dfa-429f-984e-9898b9a7a474
D, [2015-04-17T16:47:01.858748 #23976] DEBUG -- : Indexing successful: inu:dil-ce850680-9f51-4b5b-9a75-3ff587010523
D, [2015-04-17T16:47:02.627493 #23976] DEBUG -- : Indexing successful: inu:dil-523a06f7-0bfb-4174-8f10-878abf0db3ec
D, [2015-04-17T16:47:03.377502 #23976] DEBUG -- : Indexing successful: inu:dil-39471f3e-6e09-43f4-878f-10cb4feb9662
D, [2015-04-17T16:47:04.136626 #23976] DEBUG -- : Indexing successful: inu:dil-ec50291d-3bea-477d-9c37-a2131718b22f
D, [2015-04-17T16:47:04.684754 #23976] DEBUG -- : Indexing successful: inu:dil-027cd93d-1f0f-400c-93eb-bca934d7de16
D, [2015-04-17T16:47:05.231087 #23976] DEBUG -- : Indexing successful: inu:dil-0c9342e4-de41-42c9-895c-19edc4d0d84b
D, [2015-04-17T16:47:05.810303 #23976] DEBUG -- : Indexing successful: inu:dil-35b90e6f-0002-4a15-9e5c-7317412f92ca
D, [2015-04-17T16:47:06.359726 #23976] DEBUG -- : Indexing successful: inu:dil-2e2cf784-ff44-4765-ac9a-3ba6aeed59e2
D, [2015-04-17T16:47:07.114272 #23976] DEBUG -- : Indexing successful: inu:dil-97a99746-d341-4d15-b186-ec3125ef8445
D, [2015-04-17T16:47:07.931140 #23976] DEBUG -- : Indexing successful: inu:dil-3cf9fdd3-250b-418c-ae31-6328d6d8737a
D, [2015-04-17T16:47:08.796764 #23976] DEBUG -- : Indexing successful: inu:dil-6eba12a6-18b2-4fff-8028-19208d03bccd
D, [2015-04-17T16:47:09.567802 #23976] DEBUG -- : Indexing successful: inu:dil-2e7c06a9-7a84-410a-a39b-24cf9a20ac4a
D, [2015-04-17T16:47:10.345886 #23976] DEBUG -- : Indexing successful: inu:dil-73402040-5b3b-4b9b-9a45-fcedd52a95e8
D, [2015-04-17T16:47:10.906900 #23976] DEBUG -- : Indexing successful: inu:dil-6c2655b7-17a0-4c3e-bd0f-1c16f7d815cf
D, [2015-04-17T16:47:11.484655 #23976] DEBUG -- : Indexing successful: inu:dil-e20f4a29-766b-459e-8cd7-65f813176837
D, [2015-04-17T16:47:12.079387 #23976] DEBUG -- : Indexing successful: inu:dil-ccbffc78-baf0-47d6-a6c5-7b5e707ab88e
D, [2015-04-17T16:47:12.658986 #23976] DEBUG -- : Indexing successful: inu:dil-20dcce81-5051-4b45-a000-b7bcd49a33b2
D, [2015-04-17T16:47:13.212987 #23976] DEBUG -- : Indexing successful: inu:dil-60f83972-a1fd-4e27-b772-0af4ce83ad7b
D, [2015-04-17T16:47:13.782414 #23976] DEBUG -- : Indexing successful: inu:dil-7b5659d6-567d-4864-bb8b-30a06584f0eb
D, [2015-04-17T16:47:14.327342 #23976] DEBUG -- : Indexing successful: inu:dil-75219adf-1eb4-41cf-aefa-3e9b49da6b10
D, [2015-04-17T16:47:14.875022 #23976] DEBUG -- : Indexing successful: inu:dil-47f7db60-e01e-43ce-8293-8ea612e8aff3
D, [2015-04-17T16:47:15.425843 #23976] DEBUG -- : Indexing successful: inu:dil-2602d092-cdd9-49da-b7d2-55f439a5233f
D, [2015-04-17T16:47:15.987030 #23976] DEBUG -- : Indexing successful: inu:dil-814d7dd0-551c-41f0-a0a2-fadbb3528379
D, [2015-04-17T16:47:16.534283 #23976] DEBUG -- : Indexing successful: inu:dil-9f55fa26-475b-4e9d-b8ad-c953fbdbef22
D, [2015-04-17T16:47:17.322883 #23976] DEBUG -- : Indexing successful: inu:dil-d9a51324-4443-4c46-9403-45e70ecf8c61
D, [2015-04-17T16:47:17.874984 #23976] DEBUG -- : Indexing successful: inu:dil-15056448-9255-4da4-8867-22d9d432cba8
D, [2015-04-17T16:47:18.632572 #23976] DEBUG -- : Indexing successful: inu:dil-885707b3-61b7-466b-b56e-3e3bed387f44
D, [2015-04-17T16:47:19.180706 #23976] DEBUG -- : Indexing successful: inu:dil-3a94482c-340e-4f4a-a7be-b86724fa41b8
D, [2015-04-17T16:47:19.740289 #23976] DEBUG -- : Indexing successful: inu:dil-0e9db966-ae39-4636-86ef-098368dc55ac
D, [2015-04-17T16:47:20.312292 #23976] DEBUG -- : Indexing successful: inu:dil-ecf7669f-7dd6-4ed9-8862-d5350961f86e
D, [2015-04-17T16:47:20.871696 #23976] DEBUG -- : Indexing successful: inu:dil-d5aa99fa-e027-486b-a9da-7f1ebd469f32
D, [2015-04-17T16:47:21.682633 #23976] DEBUG -- : Indexing successful: inu:dil-06737c29-7ab2-424f-aa5a-08548156af33
D, [2015-04-17T16:47:22.515965 #23976] DEBUG -- : Indexing successful: inu:dil-805fd9b4-8904-43c2-b51b-8e62e1e7b081
D, [2015-04-17T16:47:23.356760 #23976] DEBUG -- : Indexing successful: inu:dil-97753d10-0fd8-4407-981d-e5268dff7080
D, [2015-04-17T16:47:24.183619 #23976] DEBUG -- : Indexing successful: inu:dil-3ab09c7c-f9cb-4784-8ed4-c969c95d0728
D, [2015-04-17T16:47:24.737695 #23976] DEBUG -- : Indexing successful: inu:dil-local-7d24a761-821a-4d42-8ce5-87cd910b6d3c
D, [2015-04-17T16:47:25.483511 #23976] DEBUG -- : Indexing successful: inu:dil-b810aa48-68ca-4148-8ab7-8682d2a374e2
D, [2015-04-17T16:47:26.245005 #23976] DEBUG -- : Indexing successful: inu:dil-efbcb18e-082b-4783-8c71-42bdcfb0581b
D, [2015-04-17T16:47:27.007494 #23976] DEBUG -- : Indexing successful: inu:dil-4587e4d0-59c2-4cd6-b845-1578c6b905ac
D, [2015-04-17T16:47:27.550573 #23976] DEBUG -- : Indexing successful: inu:dil-c7d82880-43f5-4b0a-b328-673dd5206ea1
D, [2015-04-17T16:47:28.103340 #23976] DEBUG -- : Indexing successful: inu:dil-d3df3de7-095d-45f3-ad6b-35955429d39e
D, [2015-04-17T16:47:28.924046 #23976] DEBUG -- : Indexing successful: inu:dil-24d7f206-d2b3-49ae-905b-4a285c30e79f
D, [2015-04-17T16:47:29.735816 #23976] DEBUG -- : Indexing successful: inu:dil-babe66d3-fc51-4238-8c3d-88660f5c3d41
D, [2015-04-17T16:47:30.557236 #23976] DEBUG -- : Indexing successful: inu:dil-5fb5fdf9-5dd1-441b-ad17-ac67abe95761
D, [2015-04-17T16:47:31.302361 #23976] DEBUG -- : Indexing successful: inu:dil-09b09f4b-c18d-4c60-bf25-1d3dab76c218
D, [2015-04-17T16:47:32.053151 #23976] DEBUG -- : Indexing successful: inu:dil-e2f0db5a-1ef4-4e99-a1b3-0c8e88655cb4
D, [2015-04-17T16:47:32.813160 #23976] DEBUG -- : Indexing successful: inu:dil-6834826b-a2d7-401c-a35f-6b25c352f605
D, [2015-04-17T16:47:33.556282 #23976] DEBUG -- : Indexing successful: inu:dil-9ad5282e-a07d-4051-86b0-88c4d4fbc3b1
D, [2015-04-17T16:47:34.314860 #23976] DEBUG -- : Indexing successful: inu:dil-8e9d22f9-7b43-4c30-be8f-f3f57b49b7a2
D, [2015-04-17T16:47:34.857799 #23976] DEBUG -- : Indexing successful: inu:dil-e1a77238-f480-4ab1-9bca-0568668d8e8d
D, [2015-04-17T16:47:35.428574 #23976] DEBUG -- : Indexing successful: inu:dil-6836ee4f-517c-4f4f-a92c-84777b77b493
D, [2015-04-17T16:47:36.010854 #23976] DEBUG -- : Indexing successful: inu:dil-a4ec055e-d98e-4e5a-a608-50838a3f1c5b
D, [2015-04-17T16:47:36.551493 #23976] DEBUG -- : Indexing successful: inu:dil-f32178e4-220b-4916-8419-5533525d382c
D, [2015-04-17T16:47:37.299323 #23976] DEBUG -- : Indexing successful: inu:dil-9ebd807d-eff0-4cbf-b229-584f2ff402e8
D, [2015-04-17T16:47:38.028883 #23976] DEBUG -- : Indexing successful: inu:dil-680c6a27-e44f-4d27-9e43-8af6a648e872
D, [2015-04-17T16:47:38.767090 #23976] DEBUG -- : Indexing successful: inu:dil-feafdf87-8a53-447e-952a-f64f0ec243fc
D, [2015-04-17T16:47:39.509333 #23976] DEBUG -- : Indexing successful: inu:dil-2e4de01f-7ff0-4f14-8a34-7930d07bfba8
D, [2015-04-17T16:47:40.061270 #23976] DEBUG -- : Indexing successful: inu:dil-f43ff22f-5d9d-47a0-88c7-8ad13d5a99df
D, [2015-04-17T16:47:40.600039 #23976] DEBUG -- : Indexing successful: inu:dil-d8d3e58e-4523-4d4e-b75a-c288391fdfd0
D, [2015-04-17T16:47:41.189678 #23976] DEBUG -- : Indexing successful: inu:dil-6d00c137-df3e-47fc-9fc1-e65a725845d5
D, [2015-04-17T16:47:41.749206 #23976] DEBUG -- : Indexing successful: inu:dil-011c0bbf-12e4-4e1c-98f2-e69565ca8513
D, [2015-04-17T16:47:42.360178 #23976] DEBUG -- : Indexing successful: inu:dil-398d3632-188f-46dc-9379-4a5ed9e61987
D, [2015-04-17T16:47:43.000851 #23976] DEBUG -- : Indexing successful: inu:dil-142f8a4d-0c42-4da5-b17d-662db3283d74
D, [2015-04-17T16:47:43.573374 #23976] DEBUG -- : Indexing successful: inu:dil-4707acd5-c55f-4961-b288-9a8828b0c3dd
D, [2015-04-17T16:47:44.147341 #23976] DEBUG -- : Indexing successful: inu:dil-3f33bab3-b2b8-40e0-887d-fb665b863b39
D, [2015-04-17T16:47:44.885414 #23976] DEBUG -- : Indexing successful: inu:dil-c299f185-5acd-46e2-990c-eb5d8b153b43
D, [2015-04-17T16:47:45.433940 #23976] DEBUG -- : Indexing successful: inu:dil-cf970515-fd19-4ae7-9a56-9826e4af9983
D, [2015-04-17T16:47:46.001531 #23976] DEBUG -- : Indexing successful: inu:dil-662f3959-0db2-48c1-a668-8efea36d67a1
D, [2015-04-17T16:47:46.565765 #23976] DEBUG -- : Indexing successful: inu:dil-9c8b8c67-d877-4f3d-a53e-287ae9d05d80
D, [2015-04-17T16:47:46.972837 #23976] DEBUG -- : Indexing successful: inu:dil-2bf7d015-76b1-4a7e-a198-4f0923cd4b92
D, [2015-04-17T16:47:47.383325 #23976] DEBUG -- : Indexing successful: inu:dil-00-23655b1f-7029-4fb4-aa10-8ababe0ca63b
D, [2015-04-17T16:47:48.308568 #23976] DEBUG -- : Indexing successful: inu:dil-47ab8b6d-b0ef-494f-91ac-5906560fa90b
D, [2015-04-17T16:47:49.250673 #23976] DEBUG -- : Indexing successful: inu:dil-7ab2b6b9-1583-45e5-9e87-2c50d4360ff5
D, [2015-04-17T16:47:49.835770 #23976] DEBUG -- : Indexing successful: inu:dil-831b4280-abec-4000-851c-42a2703bdd12
D, [2015-04-17T16:47:50.391754 #23976] DEBUG -- : Indexing successful: inu:dil-6754b7ba-4038-4f0f-8103-7ed123c1357c
D, [2015-04-17T16:47:50.970641 #23976] DEBUG -- : Indexing successful: inu:dil-6748d6d7-819f-4b9f-acd1-e9b03beee7bc
D, [2015-04-17T16:47:51.525595 #23976] DEBUG -- : Indexing successful: inu:dil-6b207912-e22f-4331-aad8-4514d4e1b30c
D, [2015-04-17T16:47:52.120712 #23976] DEBUG -- : Indexing successful: inu:dil-51fdc4ca-eaad-429e-9b45-5ce58121a400
D, [2015-04-17T16:47:52.691462 #23976] DEBUG -- : Indexing successful: inu:dil-71e20308-aa04-4c35-8149-5b8d6c27326e
D, [2015-04-17T16:47:53.230305 #23976] DEBUG -- : Indexing successful: inu:dil-5d5f63d1-2f2e-490d-abf6-591e383ca204
D, [2015-04-17T16:47:54.175201 #23976] DEBUG -- : Indexing successful: inu:dil-af3c7e97-8fee-4a3d-8584-913fd3089c92
D, [2015-04-17T16:47:55.062087 #23976] DEBUG -- : Indexing successful: inu:dil-947cf7ac-0492-47be-b0ce-7dce22d49f54
D, [2015-04-17T16:47:56.054242 #23976] DEBUG -- : Indexing successful: inu:dil-ae1536f3-0f95-4267-aeae-d32238d4312f
D, [2015-04-17T16:47:56.654726 #23976] DEBUG -- : Indexing successful: inu:dil-88bf652c-f68c-48cd-a6b8-ff79d5ee8114
D, [2015-04-17T16:47:57.215155 #23976] DEBUG -- : Indexing successful: inu:dil-836d2e9d-eedc-44da-a397-fb3471f38b4a
D, [2015-04-17T16:47:57.779775 #23976] DEBUG -- : Indexing successful: inu:dil-8dbcadc3-3ba6-4a63-831e-8ee313a4939f
D, [2015-04-17T16:47:58.323982 #23976] DEBUG -- : Indexing successful: inu:dil-8cb62ade-50e8-465c-ba38-2eb5e9991d9e
D, [2015-04-17T16:47:58.878030 #23976] DEBUG -- : Indexing successful: inu:dil-9d1e86cd-356a-4e4f-9976-f5141dd1bf09
D, [2015-04-17T16:47:59.297946 #23976] DEBUG -- : Indexing successful: inu:dil-932ada6f-5cce-45c8-a6b9-139e1e1f281b
D, [2015-04-17T16:48:00.171697 #23976] DEBUG -- : Indexing successful: inu:dil-cffada80-57f3-4d98-a0ee-e73048943f90
D, [2015-04-17T16:48:01.086731 #23976] DEBUG -- : Indexing successful: inu:dil-d3d3680d-622d-487e-be2f-0a6fa8dccb09
D, [2015-04-17T16:48:02.016868 #23976] DEBUG -- : Indexing successful: inu:dil-c5275483-699b-46de-b7ac-d4e54112cb60
D, [2015-04-17T16:48:02.947270 #23976] DEBUG -- : Indexing successful: inu:dil-c1d57bb2-d938-40c9-9500-603f3d03264b
D, [2015-04-17T16:48:03.867243 #23976] DEBUG -- : Indexing successful: inu:dil-bf9b747d-a933-4cf5-b952-357456dd5790
D, [2015-04-17T16:48:04.782872 #23976] DEBUG -- : Indexing successful: inu:dil-c417c5aa-af70-4cf7-8b40-efbd08a5f70f
D, [2015-04-17T16:48:05.419631 #23976] DEBUG -- : Indexing successful: inu:dil-bf481820-c49f-43e5-aedb-b36cf07df1b6
D, [2015-04-17T16:48:06.372655 #23976] DEBUG -- : Indexing successful: inu:dil-b5014da9-a0bd-4339-87fd-5672581204f1
D, [2015-04-17T16:48:06.941470 #23976] DEBUG -- : Indexing successful: inu:dil-e3706396-9c2a-47ac-9e99-e1bfb7ce1cf9
D, [2015-04-17T16:48:07.886262 #23976] DEBUG -- : Indexing successful: inu:dil-f36a77f8-e2af-4139-b5e6-e0e9cf09ab63
D, [2015-04-17T16:48:08.828093 #23976] DEBUG -- : Indexing successful: inu:dil-fbb74b25-0bde-48e2-92c9-cea01c55c4f5
D, [2015-04-17T16:48:09.842679 #23976] DEBUG -- : Indexing successful: inu:dil-fc8c3d36-22e7-4072-a8d4-6d2665147d24
D, [2015-04-17T16:48:10.495387 #23976] DEBUG -- : Indexing successful: inu:dil-ff840678-f287-40a6-86a4-ffaa0738e172
D, [2015-04-17T16:48:11.468256 #23976] DEBUG -- : Indexing successful: inu:dil-zz614ec515-86cd-49cf-98e7-e91c43d48c56
D, [2015-04-17T16:48:12.466364 #23976] DEBUG -- : Indexing successful: inu:dil-zz6c49cc99-0aba-4c13-9126-fdb1889d9883
D, [2015-04-17T16:48:13.566709 #23976] DEBUG -- : Indexing successful: inu:dil-zza1b27840-c9ca-41a5-a39d-531621421d6d
