<?xpacket begin='﻿' id='W5M0MpCehiHzreSzNTczkc9d'?>
<x:xmpmeta xmlns:x='adobe:ns:meta/' x:xmptk='Image::ExifTool 7.33'>
<rdf:RDF xmlns:rdf='http://www.w3.org/1999/02/22-rdf-syntax-ns#'>

 <rdf:Description rdf:about='http://www.w3.org/TR/rdf-syntax-grammar'
  xmlns:dc='http://purl.org/dc/elements/1.1/'>
  <dc:title>ExifTool common node and nonstandard namespace prefix test</dc:title>
 </rdf:Description>

 <rdf:Description rdf:about='http://www.w3.org/TR/rdf-syntax-grammar'
  xmlns:pdf='http://ns.adobe.com/pdf/1.3/'>
  <pdf:Author>Phil</pdf:Author>
 </rdf:Description>

 <rdf:Description rdf:about='http://www.w3.org/TR/rdf-syntax-grammar'
  xmlns:ph='http://owl.phy.queensu.ca/ph/1.0/'>
  <ph:programmer rdf:parseType='Resource'>
   <ph:exclamation>doh!</ph:exclamation>
   <ph:food>cookies</ph:food>
   <ph:fullName>Phil Harvey</ph:fullName>
   <ph:homePage rdf:resource='http://owl.phy.queensu.ca/~phil/'/>
   <ph:state>confusion</ph:state>
  </ph:programmer>
  <ph:supervisor rdf:parseType='Resource'>
   <ph:exclamation>doh!</ph:exclamation>
   <ph:food>cookies</ph:food>
   <ph:fullName>Phil Harvey</ph:fullName>
   <ph:homePage rdf:resource='http://owl.phy.queensu.ca/~phil/'/>
   <ph:state>confusion</ph:state>
  </ph:supervisor>
  <ph:tester rdf:parseType='Resource'>
   <ph:exclamation>doh!</ph:exclamation>
   <ph:food>cookies</ph:food>
   <ph:fullName>Phil Harvey</ph:fullName>
   <ph:homePage rdf:resource='http://owl.phy.queensu.ca/~phil/'/>
   <ph:state>confusion</ph:state>
  </ph:tester>
 </rdf:Description>

 <rdf:Description rdf:about='http://www.w3.org/TR/rdf-syntax-grammar'
  xmlns:xxx='http://iptc.org/std/Iptc4xmpCore/1.0/xmlns/'>
  <xxx:CountryCode>CA</xxx:CountryCode>
  <xxx:Scene>
   <rdf:Bag>
    <rdf:li>scene1</rdf:li>
   </rdf:Bag>
  </xxx:Scene>
 </rdf:Description>
</rdf:RDF>
</x:xmpmeta>
<?xpacket end='w'?>