<?xpacket begin='﻿' id='W5M0MpCehiHzreSzNTczkc9d'?>
<x:xmpmeta xmlns:x='adobe:ns:meta/' x:xmptk='Image::ExifTool 7.35'>
<rdf:RDF xmlns:rdf='http://www.w3.org/1999/02/22-rdf-syntax-ns#'>

 <rdf:Description rdf:about=''
  xmlns:plus='http://ns.useplus.org/ldf/xmp/1.0/'>
  <plus:CopyrightStatus>http://ns.useplus.org/ldf/vocab/CS-PUB</plus:CopyrightStatus>
  <plus:Custom1>
   <rdf:Bag>
    <rdf:li>
     <rdf:Alt>
      <rdf:li xml:lang='x-default'>a</rdf:li>
      <rdf:li xml:lang='en'>a</rdf:li>
     </rdf:Alt>
    </rdf:li>
    <rdf:li>
     <rdf:Alt>
      <rdf:li xml:lang='en'>b</rdf:li>
     </rdf:Alt>
    </rdf:li>
   </rdf:Bag>
  </plus:Custom1>
  <plus:ImageType>http://ns.useplus.org/ldf/vocab/TY-VID</plus:ImageType>
  <plus:Licensee>
   <rdf:Seq>
    <rdf:li rdf:parseType='Resource'>
     <rdf:type rdf:resource='plus:LicenseeDetail'/>
     <plus:LicenseeName>Phil</plus:LicenseeName>
    </rdf:li>
   </rdf:Seq>
  </plus:Licensee>
  <plus:LicenseeImageNotes>
   <rdf:Alt>
    <rdf:li xml:lang='x-default'>default notes</rdf:li>
    <rdf:li xml:lang='de'>deutsche anmerkungen</rdf:li>
    <rdf:li xml:lang='en'>english notes</rdf:li>
   </rdf:Alt>
  </plus:LicenseeImageNotes>
 </rdf:Description>
</rdf:RDF>
</x:xmpmeta>
<?xpacket end='w'?>