[ExifTool, ExifTool, ExifTool]  - ExifTool Version Number: 7.34
[File, File, Image]  - File Name: PostScript_3_failed.eps
[File, File, Image]  - Directory: t
[File, File, Image]  - File Size: 13 kB
[File, File, Time]  - File Modification Date/Time: 2008:06:24 14:44:32
[File, File, Image]  - File Type: EPS
[File, File, Image]  - MIME Type: application/postscript
[File, File, Image]  - Exif Byte Order: Big-endian (Motorola, MM)
[PostScript, PostScript, Image] Creator - Creator: phil made it
[PostScript, PostScript, Image] Title - Title: new title
[PostScript, PostScript, Time] CreationDate - Create Date: 7/18/05 2:33 PM
[PostScript, PostScript, Image] BoundingBox - Bounding Box: 0 0 8 8
[PostScript, PostScript, Image] Copyright - Copyright: my copyright
[PostScript, PostScript, Image] ImageData - Image Data: 8 8 8 3 1 8 2 "beginimage"
[IPTC, IPTC, Other] 0 - Application Record Version: 2
[IPTC, IPTC, Other] 5 - Object Name: Test IPTC picture
[IPTC, IPTC, Other] 10 - Urgency: 8
[IPTC, IPTC, Other] 15 - Category: 1
[IPTC, IPTC, Other] 20 - Supplemental Categories: amazing, image, utilities
[IPTC, IPTC, Other] 25 - Keywords: ExifTool, Test, XMP
[IPTC, IPTC, Other] 40 - Special Instructions: What instructions
[IPTC, IPTC, Time] 55 - Date Created: 2004:02:26
[IPTC, IPTC, Author] 80 - By-line: Phil Harvey
[IPTC, IPTC, Author] 85 - By-line Title: My Position
[IPTC, IPTC, Location] 90 - City: Kingston
[IPTC, IPTC, Location] 95 - Province-State: Ont
[IPTC, IPTC, Location] 101 - Country-Primary Location Name: Canada
[IPTC, IPTC, Other] 103 - Original Transmission Reference: What is a transmission reference
[IPTC, IPTC, Other] 105 - Headline: No headline
[IPTC, IPTC, Author] 110 - Credit: My Credit
[IPTC, IPTC, Author] 115 - Source: I'm the source
[IPTC, IPTC, Author] 116 - Copyright Notice: Copyright 2004 Phil Harvey
[IPTC, IPTC, Other] 120 - Caption-Abstract: A witty caption
[IPTC, IPTC, Author] 122 - Writer-Editor: I wrote it
[Photoshop, Photoshop, Image] 1061 - Caption Digest: 9e02efbd9bdc1dc192279e30a0e27323
[Photoshop, Photoshop, Author] 1034 - Copyright Flag: False
[Photoshop, Photoshop, Author] 1035 - URL: http://owl.phy.queensu.ca/~phil/exiftool/
[Photoshop, Photoshop, Image] 1037 - Global Angle: 30
[Photoshop, Photoshop, Image] 1049 - Global Altitude: 30
[EXIF, IFD0, Image] 270 - Image Description: A witty caption
[EXIF, IFD0, Camera] 271 - Make: FUJIFILM
[EXIF, IFD0, Camera] 272 - Camera Model Name: FinePix2400Zoom
[EXIF, IFD0, Image] 274 - Orientation: Horizontal (normal)
[EXIF, IFD0, Image] 282 - X Resolution: 72
[EXIF, IFD0, Image] 283 - Y Resolution: 72
[EXIF, IFD0, Image] 296 - Resolution Unit: inches
[EXIF, IFD0, Image] 305 - Software: Adobe Photoshop 7.0
[EXIF, IFD0, Time] 306 - Modify Date: 2004:02:26 09:36:46
[EXIF, IFD0, Author] 315 - Artist: Phil Harvey
[EXIF, IFD0, Image] 531 - Y Cb Cr Positioning: Centered
[EXIF, IFD0, Author] 33432 - Copyright: my copyright
[EXIF, ExifIFD, Image] 33437 - F Number: 3.5
[EXIF, ExifIFD, Camera] 34850 - Exposure Program: Program AE
[EXIF, ExifIFD, Image] 34855 - ISO: 100
[EXIF, ExifIFD, Image] 36864 - Exif Version: 0210
[EXIF, ExifIFD, Time] 36867 - Date/Time Original: 2001:05:19 18:36:41
[EXIF, ExifIFD, Time] 36868 - Create Date: 2001:05:19 18:36:41
[EXIF, ExifIFD, Image] 37121 - Components Configuration: YCbCr
[EXIF, ExifIFD, Image] 37377 - Shutter Speed Value: 1/64
[EXIF, ExifIFD, Image] 37378 - Aperture Value: 3.5
[EXIF, ExifIFD, Image] 37379 - Brightness Value: 2
[EXIF, ExifIFD, Image] 37380 - Exposure Compensation: 0
[EXIF, ExifIFD, Camera] 37381 - Max Aperture Value: 3.5
[EXIF, ExifIFD, Camera] 37383 - Metering Mode: Multi-segment
[EXIF, ExifIFD, Camera] 37385 - Flash: Fired
[EXIF, ExifIFD, Camera] 37386 - Focal Length: 6.0 mm
[EXIF, ExifIFD, Image] 40960 - Flashpix Version: 0100
[EXIF, ExifIFD, Image] 40961 - Color Space: sRGB
[EXIF, ExifIFD, Image] 40962 - Exif Image Width: 100
[EXIF, ExifIFD, Image] 40963 - Exif Image Height: 80
[EXIF, ExifIFD, Camera] 41486 - Focal Plane X Resolution: 3053
[EXIF, ExifIFD, Camera] 41487 - Focal Plane Y Resolution: 3053
[EXIF, ExifIFD, Camera] 41488 - Focal Plane Resolution Unit: cm
[EXIF, ExifIFD, Camera] 41495 - Sensing Method: One-chip color area
[EXIF, ExifIFD, Image] 41728 - File Source: Digital Camera
[EXIF, ExifIFD, Image] 41729 - Scene Type: Directly photographed
[EXIF, IFD1, Image] 259 - Compression: JPEG (old-style)
[EXIF, IFD1, Image] 282 - X Resolution: 72
[EXIF, IFD1, Image] 283 - Y Resolution: 72
[EXIF, IFD1, Image] 296 - Resolution Unit: inches
[XMP, XMP-dc, Author] creator - Creator: phil made it
[XMP, XMP-dc, Image] description - Description: UTF-16 (big-endian) encoded XMP
[XMP, XMP-dc, Author] rights - Rights: Copyright 2004 Phil Harvey
[XMP, XMP-dc, Image] subject - Subject: ExifTool, Test, XMP
[XMP, XMP-dc, Image] title - Title: new title
[XMP, XMP-photoshop, Author] AuthorsPosition - Authors Position: My Position
[XMP, XMP-photoshop, Author] CaptionWriter - Caption Writer: I wrote it
[XMP, XMP-photoshop, Image] Category - Category: 1
[XMP, XMP-photoshop, Location] City - City: Kingston
[XMP, XMP-photoshop, Location] Country - Country: Canada
[XMP, XMP-photoshop, Author] Credit - Credit: My Credit
[XMP, XMP-photoshop, Time] DateCreated - Date Created: 2004:02:26
[XMP, XMP-photoshop, Image] Headline - Headline: No headline
[XMP, XMP-photoshop, Image] Instructions - Instructions: What instructions
[XMP, XMP-photoshop, Author] Source - Source: I'm the source
[XMP, XMP-photoshop, Location] State - State: Ont
[XMP, XMP-photoshop, Image] SupplementalCategories - Supplemental Categories: amazing, image, utilities
[XMP, XMP-photoshop, Image] TransmissionReference - Transmission Reference: What is a transmission reference?
[XMP, XMP-photoshop, Image] Urgency - Urgency: 8
[XMP, XMP-xmpBJ, Other] JobRefName - Job Ref Name: My Job
[XMP, XMP-xmpMM, Other] DocumentID - Document ID: adobe:docid:photoshop:4cc7b857-69d0-11d8-8ac4-bb59c92f0d9a
[XMP, XMP-xmpRights, Author] Marked - Marked: False
[XMP, XMP-xmpRights, Author] WebStatement - Web Statement: http://owl.phy.queensu.ca/~phil/exiftool/
[Composite, Composite, Image]  - Aperture: 3.5
[Composite, Composite, Camera]  - Flash: On
[Composite, Composite, Image]  - Image Height: 8
[Composite, Composite, Image]  - Image Width: 8
[Composite, Composite, Image]  - Shutter Speed: 1/64
[Composite, Composite, Camera]  - Focal Length: 6.0 mm
[Composite, Composite, Image]  - Image Size: 8x8
[Composite, Composite, Image]  - Light Value: 9.6
